三十一中学生信息管理系统  3.00.0055 Open 2020/6/25 17:00:05 Error:0
2020/6/25 17:00:29
Changed(name): 刘明轩
2020/6/25 17:00:29
Changed(sex): 男
2020/6/25 17:00:29
Changed(class): 1.3
2020/6/25 17:00:29
Changed(pro): 辽宁省
2020/6/25 17:00:29
Changed(city): 庄河市
2020/6/25 17:00:29
Changed(street): 新华街道
2020/6/25 17:00:29
Changed(village): 长征委
2020/6/25 17:00:29
Changed(area): 幸福之家
2020/6/25 17:00:29
Changed(number): 2号楼四单元201
2020/6/25 17:00:29
Changed(fname): 刘成群
2020/6/25 17:00:29
Changed(fphone): 15998519559
2020/6/25 17:00:29
Changed(mname): 张黎
2020/6/25 17:00:29
Changed(mohone): 13500721530
2020/6/25 17:00:29
Changed(other): 无
2020/6/25 17:00:30
Move
2020/6/25 17:00:30
Changed(name): 尚钰雯
2020/6/25 17:00:30
Changed(street): 城关街道
2020/6/25 17:00:30
Changed(village): 工会委
2020/6/25 17:00:30
Changed(area): 美鑫家园
2020/6/25 17:00:30
Changed(number): 1号楼三单元501
2020/6/25 17:00:30
Changed(fname): 尚家祺
2020/6/25 17:00:30
Changed(fphone): 13940927795
2020/6/25 17:00:30
Changed(mname): 张春艳
2020/6/25 17:00:30
Changed(mohone): 13591738512
2020/6/25 17:00:30
Changed(other): 尚志本  爷孙关系
2020/6/25 17:00:30
Move
2020/6/25 17:00:30
Changed(name): 徐靖智
2020/6/25 17:00:30
Changed(street): 新华街道
2020/6/25 17:00:30
Changed(village): 前炮委
2020/6/25 17:00:30
Changed(area): 都市小区
2020/6/25 17:00:30
Changed(number): 10号三单元401
2020/6/25 17:00:30
Changed(fname): 徐广岩
2020/6/25 17:00:30
Changed(fphone): 13236917579
2020/6/25 17:00:30
Changed(mname): 史荣贤
2020/6/25 17:00:30
Changed(mohone): 13898472057
2020/6/25 17:00:30
Changed(other): 无
2020/6/25 17:00:30
Move
2020/6/25 17:00:30
Changed(name): 刘之涵
2020/6/25 17:00:30
Changed(street): 城关街道
2020/6/25 17:00:30
Changed(village): 财政委
2020/6/25 17:00:30
Changed(area): 九洲城
2020/6/25 17:00:30
Changed(number): 六号楼一单元1502
2020/6/25 17:00:30
Changed(fname): 刘岳山
2020/6/25 17:00:30
Changed(fphone): 18940831569
2020/6/25 17:00:30
Changed(mname): 唐雪
2020/6/25 17:00:30
Changed(mohone): 13322230158
2020/6/25 17:00:30
Changed(other): 父母，妹妹，共四人
2020/6/25 17:00:31
Move
2020/6/25 17:00:31
Changed(name): 于喆
2020/6/25 17:00:31
Changed(sex): 女
2020/6/25 17:00:31
Changed(area): 金鹏家园
2020/6/25 17:00:31
Changed(number): 10号楼一单元402
2020/6/25 17:00:31
Changed(fname): 于富强
2020/6/25 17:00:31
Changed(fphone): 15998457277
2020/6/25 17:00:31
Changed(mname): 王军
2020/6/25 17:00:31
Changed(mohone): 15840838518
2020/6/25 17:00:31
Changed(other): 无
2020/6/25 17:00:31
Move
2020/6/25 17:00:31
Changed(name): 朱琳
2020/6/25 17:00:31
Changed(street): 新华街道
2020/6/25 17:00:31
Changed(village): 长征委
2020/6/25 17:00:31
Changed(area): 祥瑞园
2020/6/25 17:00:31
Changed(number): 九号楼三单元402
2020/6/25 17:00:31
Changed(fname): 朱升文
2020/6/25 17:00:31
Changed(fphone): 15524776688
2020/6/25 17:00:31
Changed(mname): 李雪梅
2020/6/25 17:00:31
Changed(mohone): 139409338776
2020/6/25 17:00:31
Move
2020/6/25 17:00:31
Changed(name): 姚平舒
2020/6/25 17:00:31
Changed(street): 城关街道
2020/6/25 17:00:31
Changed(village): 东风委
2020/6/25 17:00:31
Changed(area): 天伦花园
2020/6/25 17:00:31
Changed(number): 十号楼一单元402
2020/6/25 17:00:31
Changed(fname): 姚锐
2020/6/25 17:00:31
Changed(fphone): 15524583822
2020/6/25 17:00:31
Changed(mname): 邱桂玉
2020/6/25 17:00:31
Changed(mohone): 15241161612
2020/6/25 17:00:31
Move
2020/6/25 17:00:31
Changed(name): 余沅凯
2020/6/25 17:00:31
Changed(sex): 男
2020/6/25 17:00:31
Changed(village): 工会委
2020/6/25 17:00:31
Changed(area): 金鹏名府
2020/6/25 17:00:31
Changed(number): 19号楼2单元402
2020/6/25 17:00:31
Changed(fname): 余峰
2020/6/25 17:00:31
Changed(fphone): 13664206666
2020/6/25 17:00:31
Changed(mname): 王晓林
2020/6/25 17:00:31
Changed(mohone): 13942697209
2020/6/25 17:00:39
Move
2020/6/25 17:00:39
Changed(name): 于知沅
2020/6/25 17:00:39
Changed(sex): 女
2020/6/25 17:00:39
Changed(village): 水仙委
2020/6/25 17:00:39
Changed(area): 水仙公馆二期
2020/6/25 17:00:39
Changed(number): 21号楼2单元602
2020/6/25 17:00:39
Changed(fname): 于相文
2020/6/25 17:00:39
Changed(fphone): 13504252733
2020/6/25 17:00:39
Changed(mname): 刘彩红
2020/6/25 17:00:39
Changed(mohone): 15842476828
2020/6/25 17:00:39
Move
2020/6/25 17:00:39
Changed(name): 由政林
2020/6/25 17:00:39
Changed(sex): 男
2020/6/25 17:00:39
Changed(village): 景泰委
2020/6/25 17:00:39
Changed(area): 海云天二期
2020/6/25 17:00:39
Changed(number): 43号楼1单元302
2020/6/25 17:00:39
Changed(fname): 由振威
2020/6/25 17:00:39
Changed(fphone): 13998501133
2020/6/25 17:00:39
Changed(mname): 郑续坤
2020/6/25 17:00:39
Changed(mohone): 13998646222
2020/6/25 17:00:39
Changed(other): 
2020/6/25 17:00:42
Find: 446
2020/6/25 17:00:42
Move
2020/6/25 17:00:42
Changed(name): 刘明轩
2020/6/25 17:00:42
Changed(street): 新华街道
2020/6/25 17:00:42
Changed(village): 长征委
2020/6/25 17:00:42
Changed(area): 幸福之家
2020/6/25 17:00:42
Changed(number): 2号楼四单元201
2020/6/25 17:00:42
Changed(fname): 刘成群
2020/6/25 17:00:42
Changed(fphone): 15998519559
2020/6/25 17:00:42
Changed(mname): 张黎
2020/6/25 17:00:42
Changed(mohone): 13500721530
2020/6/25 17:00:42
Changed(other): 无
2020/6/25 17:00:42
Move
2020/6/25 17:00:42
Move
2020/6/25 17:00:42
Move
2020/6/25 17:00:42
Move
2020/6/25 17:00:42
Move
2020/6/25 17:00:42
Move
2020/6/25 17:00:42
Changed(name): 王思朋
2020/6/25 17:00:42
Changed(class): 2.5
2020/6/25 17:00:42
Changed(street): 城关街道
2020/6/25 17:00:42
Changed(village): 财政委
2020/6/25 17:00:42
Changed(area): 国奥四期
2020/6/25 17:00:42
Changed(number): 39号楼2-202
2020/6/25 17:00:42
Changed(fname): 王君
2020/6/25 17:00:42
Changed(fphone): 17615144654
2020/6/25 17:00:42
Changed(mname): 丛美玲
2020/6/25 17:00:42
Changed(mohone): 13304264909
2020/6/25 17:00:42
Changed(other): 
2020/6/25 17:00:47
Find: 高
2020/6/25 17:00:47
Move
2020/6/25 17:00:47
Changed(name): 高启博
2020/6/25 17:00:47
Changed(sex): 女
2020/6/25 17:00:47
Changed(class): 1.8
2020/6/25 17:00:47
Changed(area): 国奥花园
2020/6/25 17:00:47
Changed(number): 16号楼一单元501
2020/6/25 17:00:47
Changed(fname): 高庆祝
2020/6/25 17:00:47
Changed(fphone): 13322269958
2020/6/25 17:00:47
Changed(mname): 王义
2020/6/25 17:00:47
Changed(mohone): 15841158118
2020/6/25 17:00:47
Changed(other): 与父母同住
2020/6/25 17:00:50
Copy(2): 省份市\县\区
2020/6/25 17:00:52
Copy(3): 省份市\县\区街道
2020/6/25 17:00:53
Copy(4): 省份市\县\区街道委\村
2020/6/25 17:00:58
Move
2020/6/25 17:01:01          
Minimized
2020/6/25 17:01:18
Changed(name): 刘明轩
2020/6/25 17:01:18
Changed(sex): 男
2020/6/25 17:01:18
Changed(class): 1.3
2020/6/25 17:01:18
Changed(pro): 辽宁省
2020/6/25 17:01:18
Changed(city): 庄河市
2020/6/25 17:01:18
Changed(street): 新华街道
2020/6/25 17:01:18
Changed(village): 长征委
2020/6/25 17:01:18
Changed(area): 幸福之家
2020/6/25 17:01:18
Changed(number): 2号楼四单元201
2020/6/25 17:01:18
Changed(fname): 刘成群
2020/6/25 17:01:18
Changed(fphone): 15998519559
2020/6/25 17:01:18
Changed(mname): 张黎
2020/6/25 17:01:18
Changed(mohone): 13500721530
2020/6/25 17:01:18
Changed(other): 无
2020/6/25 17:01:18
End
all right



三十一中学生信息管理系统  3.00.0056 Open 2020/7/3 23:39:37 Error:0
2020/7/3 23:41:10           
Minimized
2020/7/3 23:41:34
Changed(name): 唐钧
2020/7/3 23:41:34
Changed(sex): 男
2020/7/3 23:41:34
Changed(class): 3.4
2020/7/3 23:41:34
Changed(pro): 辽宁
2020/7/3 23:41:34
Changed(city): 大连
2020/7/3 23:41:34
Changed(street): 新华街道
2020/7/3 23:41:34
Changed(village): 长征社区
2020/7/3 23:41:34
Changed(area): 枫林园小区
2020/7/3 23:41:34
Changed(number): 枫林园40号楼1单元502
2020/7/3 23:41:34
Changed(fname): 唐吉顺
2020/7/3 23:41:34
Changed(fphone): 15642670998
2020/7/3 23:41:34
Changed(mname): 王双梅
2020/7/3 23:41:34
Changed(mohone): 13134288855
2020/7/3 23:41:36
Move
2020/7/3 23:41:44
Changed(name): 刘明轩
2020/7/3 23:41:44
Changed(sex): 男
2020/7/3 23:41:44
Changed(class): 1.3
2020/7/3 23:41:44
Changed(pro): 辽宁省
2020/7/3 23:41:44
Changed(city): 庄河市
2020/7/3 23:41:44
Changed(street): 新华街道
2020/7/3 23:41:44
Changed(village): 长征委
2020/7/3 23:41:44
Changed(area): 幸福之家
2020/7/3 23:41:44
Changed(number): 2号楼四单元201
2020/7/3 23:41:44
Changed(fname): 刘成群
2020/7/3 23:41:44
Changed(fphone): 15998519559
2020/7/3 23:41:44
Changed(mname): 张黎
2020/7/3 23:41:44
Changed(mohone): 13500721530
2020/7/3 23:41:44
Changed(other): 无
2020/7/3 23:41:45
Move
2020/7/3 23:41:46           
Minimized
2020/7/3 23:41:48
Changed(name): 刘明轩
2020/7/3 23:41:48
Changed(sex): 男
2020/7/3 23:41:48
Changed(class): 1.3
2020/7/3 23:41:48
Changed(pro): 辽宁省
2020/7/3 23:41:48
Changed(city): 庄河市
2020/7/3 23:41:48
Changed(street): 新华街道
2020/7/3 23:41:48
Changed(village): 长征委
2020/7/3 23:41:48
Changed(area): 幸福之家
2020/7/3 23:41:48
Changed(number): 2号楼四单元201
2020/7/3 23:41:48
Changed(fname): 刘成群
2020/7/3 23:41:48
Changed(fphone): 15998519559
2020/7/3 23:41:48
Changed(mname): 张黎
2020/7/3 23:41:48
Changed(mohone): 13500721530
2020/7/3 23:41:48
Changed(other): 无
2020/7/3 23:41:52
Move
2020/7/3 23:41:55           
Minimized
2020/7/3 23:41:58
Changed(name): 刘明轩
2020/7/3 23:41:58
Changed(sex): 男
2020/7/3 23:41:58
Changed(class): 1.3
2020/7/3 23:41:58
Changed(pro): 辽宁省
2020/7/3 23:41:58
Changed(city): 庄河市
2020/7/3 23:41:58
Changed(street): 新华街道
2020/7/3 23:41:58
Changed(village): 长征委
2020/7/3 23:41:58
Changed(area): 幸福之家
2020/7/3 23:41:58
Changed(number): 2号楼四单元201
2020/7/3 23:41:58
Changed(fname): 刘成群
2020/7/3 23:41:58
Changed(fphone): 15998519559
2020/7/3 23:41:58
Changed(mname): 张黎
2020/7/3 23:41:58
Changed(mohone): 13500721530
2020/7/3 23:41:58
Changed(other): 无
2020/7/3 23:41:58
End


三十一中学生信息管理系统  3.00.0056 Open 2020/7/5 9:41:40 Error:0
2020/7/5 9:41:45            
Minimized
2020/7/5 9:41:48
End


三十一中学生信息管理系统  3.00.0056 Open 2020/7/23 22:07:13 Error:0
2020/7/23 22:07:45
Changed(name): 杨钧译
2020/7/23 22:07:45
Changed(sex): 男
2020/7/23 22:07:45
Changed(class): 1.3
2020/7/23 22:07:45
Changed(pro): 辽宁省
2020/7/23 22:07:45
Changed(city): 庄河市
2020/7/23 22:07:45
Changed(street): 城关街道
2020/7/23 22:07:45
Changed(village): 财政委
2020/7/23 22:07:45
Changed(area): 国奥花园
2020/7/23 22:07:45
Changed(number): 10号楼六单元502
2020/7/23 22:07:45
Changed(fname): 杨洪伟
2020/7/23 22:07:45
Changed(fphone): 13804260871
2020/7/23 22:07:45
Changed(mname): 张扬
2020/7/23 22:07:45
Changed(mohone): 15841171876
2020/7/23 22:07:45
Changed(other): 无
2020/7/23 22:07:53
Move
2020/7/23 22:07:55
Changed(name): 孙海荣
2020/7/23 22:07:55
Changed(sex): 女
2020/7/23 22:07:55
Changed(class): 1.4
2020/7/23 22:07:55
Changed(pro): 辽宁省
2020/7/23 22:07:55
Changed(city): 庄河市
2020/7/23 22:07:55
Changed(street): 城关街道
2020/7/23 22:07:55
Changed(village): 财政委
2020/7/23 22:07:55
Changed(area): 国奥花园四期
2020/7/23 22:07:55
Changed(number): 23号楼三单元802
2020/7/23 22:07:55
Changed(fname): 孙弘业
2020/7/23 22:07:55
Changed(fphone): 15998551047
2020/7/23 22:07:55
Changed(mname): 姚晓娥
2020/7/23 22:07:55
Changed(mohone): 15842684922
2020/7/23 22:07:55
Changed(other): 无
2020/7/23 22:08:01
Move
2020/7/23 22:08:01
Changed(name): 刘懿文
2020/7/23 22:08:01
Changed(village): 东风委
2020/7/23 22:08:01
Changed(area): 水仙丽景园
2020/7/23 22:08:01
Changed(number): 一期A94单元202号
2020/7/23 22:08:01
Changed(fname): 刘英涛
2020/7/23 22:08:01
Changed(fphone): 13942658773
2020/7/23 22:08:01
Changed(mname): 李丹
2020/7/23 22:08:01
Changed(mohone): 15524622866
2020/7/23 22:08:01
Changed(other): 
2020/7/23 22:08:01
Move
2020/7/23 22:08:01
Changed(name): 孙坤铭
2020/7/23 22:08:01
Changed(sex): 男
2020/7/23 22:08:01
Changed(village): 景泰委
2020/7/23 22:08:01
Changed(area): 景泰玫瑰园
2020/7/23 22:08:01
Changed(number): 7#楼5单元1002
2020/7/23 22:08:01
Changed(fname): 孙香伟
2020/7/23 22:08:01
Changed(fphone): 13591358469
2020/7/23 22:08:01
Changed(mname): 刘丽丽
2020/7/23 22:08:01
Changed(mohone): 13889402065
2020/7/23 22:08:02
Move
2020/7/23 22:08:08
Changed(name): 赵玟
2020/7/23 22:08:08
Changed(sex): 女
2020/7/23 22:08:08
Changed(class): 1.11
2020/7/23 22:08:08
Changed(pro): 辽宁省
2020/7/23 22:08:08
Changed(city): 庄河市
2020/7/23 22:08:08
Changed(street): 城关街道
2020/7/23 22:08:08
Changed(village): 红崖社区
2020/7/23 22:08:08
Changed(area): 巴黎春田
2020/7/23 22:08:08
Changed(number): 5号楼1单元1001
2020/7/23 22:08:08
Changed(fname): 赵西伟
2020/7/23 22:08:08
Changed(fphone): 18141138889
2020/7/23 22:08:08
Changed(mname): 杨燕敏
2020/7/23 22:08:08
Changed(mohone): 18042636655
2020/7/23 22:08:08
Changed(other): 赵鑫(弟弟)
2020/7/23 22:08:09
Move
2020/7/23 22:08:14
Changed(name): 赵玟
2020/7/23 22:08:14
Changed(sex): 女
2020/7/23 22:08:14
Changed(class): 1.11
2020/7/23 22:08:14
Changed(pro): 辽宁省
2020/7/23 22:08:14
Changed(city): 庄河市
2020/7/23 22:08:14
Changed(street): 城关街道
2020/7/23 22:08:15
Changed(village): 红崖社区
2020/7/23 22:08:15
Changed(area): 巴黎春田
2020/7/23 22:08:15
Changed(number): 5号楼1单元1001
2020/7/23 22:08:15
Changed(fname): 赵西伟
2020/7/23 22:08:15
Changed(fphone): 18141138889
2020/7/23 22:08:15
Changed(mname): 杨燕敏
2020/7/23 22:08:15
Changed(mohone): 18042636655
2020/7/23 22:08:15
Changed(other): 赵鑫(弟弟)
2020/7/23 22:08:15
End


三十一中学生信息管理系统  3.00.0057 Open 2020/8/7 9:23:13 Error:0
2020/8/7 9:23:15
Changed(name): 刘明轩
2020/8/7 9:23:15
Changed(sex): 男
2020/8/7 9:23:15
Changed(class): 1.3
2020/8/7 9:23:15
Changed(pro): 辽宁省
2020/8/7 9:23:15
Changed(city): 庄河市
2020/8/7 9:23:15
Changed(street): 新华街道
2020/8/7 9:23:15
Changed(village): 长征委
2020/8/7 9:23:15
Changed(area): 幸福之家
2020/8/7 9:23:15
Changed(number): 2号楼四单元201
2020/8/7 9:23:15
Changed(fname): 刘成群
2020/8/7 9:23:15
Changed(fphone): 15998519559
2020/8/7 9:23:15
Changed(mname): 张黎
2020/8/7 9:23:15
Changed(mohone): 13500721530
2020/8/7 9:23:15
Changed(other): 无
2020/8/7 9:23:19
Move
2020/8/7 9:23:19
Changed(name): 尚钰雯
2020/8/7 9:23:19
Changed(street): 城关街道
2020/8/7 9:23:19
Changed(village): 工会委
2020/8/7 9:23:19
Changed(area): 美鑫家园
2020/8/7 9:23:19
Changed(number): 1号楼三单元501
2020/8/7 9:23:19
Changed(fname): 尚家祺
2020/8/7 9:23:19
Changed(fphone): 13940927795
2020/8/7 9:23:20
Changed(mname): 张春艳
2020/8/7 9:23:20
Changed(mohone): 13591738512
2020/8/7 9:23:20
Changed(other): 尚志本  爷孙关系
2020/8/7 9:23:21
Move
2020/8/7 9:23:23
Changed(name): 孙海荣
2020/8/7 9:23:23
Changed(sex): 女
2020/8/7 9:23:23
Changed(class): 1.4
2020/8/7 9:23:23
Changed(pro): 辽宁省
2020/8/7 9:23:23
Changed(city): 庄河市
2020/8/7 9:23:23
Changed(street): 城关街道
2020/8/7 9:23:23
Changed(village): 财政委
2020/8/7 9:23:23
Changed(area): 国奥花园四期
2020/8/7 9:23:23
Changed(number): 23号楼三单元802
2020/8/7 9:23:23
Changed(fname): 孙弘业
2020/8/7 9:23:23
Changed(fphone): 15998551047
2020/8/7 9:23:23
Changed(mname): 姚晓娥
2020/8/7 9:23:23
Changed(mohone): 15842684922
2020/8/7 9:23:23
Changed(other): 无
2020/8/7 9:23:25
Move
2020/8/7 9:23:26
Changed(name): 孙海荣
2020/8/7 9:23:26
Changed(sex): 女
2020/8/7 9:23:26
Changed(class): 1.4
2020/8/7 9:23:26
Changed(pro): 辽宁省
2020/8/7 9:23:26
Changed(city): 庄河市
2020/8/7 9:23:26
Changed(street): 城关街道
2020/8/7 9:23:26
Changed(village): 财政委
2020/8/7 9:23:26
Changed(area): 国奥花园四期
2020/8/7 9:23:26
Changed(number): 23号楼三单元802
2020/8/7 9:23:26
Changed(fname): 孙弘业
2020/8/7 9:23:26
Changed(fphone): 15998551047
2020/8/7 9:23:26
Changed(mname): 姚晓娥
2020/8/7 9:23:26
Changed(mohone): 15842684922
2020/8/7 9:23:26
Changed(other): 无
2020/8/7 9:23:28
Move
2020/8/7 9:23:29            
Minimized
2020/8/7 9:23:32
Changed(name): 孙海荣
2020/8/7 9:23:32
Changed(sex): 女
2020/8/7 9:23:32
Changed(class): 1.4
2020/8/7 9:23:32
Changed(pro): 辽宁省
2020/8/7 9:23:32
Changed(city): 庄河市
2020/8/7 9:23:32
Changed(street): 城关街道
2020/8/7 9:23:32
Changed(village): 财政委
2020/8/7 9:23:32
Changed(area): 国奥花园四期
2020/8/7 9:23:32
Changed(number): 23号楼三单元802
2020/8/7 9:23:32
Changed(fname): 孙弘业
2020/8/7 9:23:32
Changed(fphone): 15998551047
2020/8/7 9:23:32
Changed(mname): 姚晓娥
2020/8/7 9:23:32
Changed(mohone): 15842684922
2020/8/7 9:23:32
Changed(other): 无
2020/8/7 9:24:28
Move
2020/8/7 9:24:28
Changed(name): 孙艺菲
2020/8/7 9:24:28
Changed(area): 国奥花园一期
2020/8/7 9:24:28
Changed(number): 21号楼5单元801
2020/8/7 9:24:28
Changed(fname): 孙忠夫
2020/8/7 9:24:28
Changed(fphone): 15842627890
2020/8/7 9:24:28
Changed(mname): 宋翠平
2020/8/7 9:24:28
Changed(mohone): 15542549996
2020/8/7 9:24:28
Changed(other): 
2020/8/7 9:24:29
Move
2020/8/7 9:24:29
Changed(name): 向美霖
2020/8/7 9:24:29
Changed(street): 新华街道
2020/8/7 9:24:29
Changed(village): 长征委
2020/8/7 9:24:29
Changed(area): 木兰小区
2020/8/7 9:24:29
Changed(number): 24号楼一单元201
2020/8/7 9:24:29
Changed(fname): 向世江
2020/8/7 9:24:29
Changed(fphone): 15898148885
2020/8/7 9:24:29
Changed(mname): 刘小林，阳红英（可能为姐姐）
2020/8/7 9:24:29
Changed(mohone): 17318283117（阳红英）
2020/8/7 9:24:42
Copy(13): 性别班级省份市\县\区街道委\村小区\屯具体地址父亲姓名父亲电话母亲姓名母亲电话其他
2020/8/7 9:24:43
Copy(13): 性别班级省份市\县\区街道委\村小区\屯具体地址父亲姓名父亲电话母亲姓名母亲电话其他
2020/8/7 9:24:43
Copy(13): 性别班级省份市\县\区街道委\村小区\屯具体地址父亲姓名父亲电话母亲姓名母亲电话其他
2020/8/7 9:24:43
Copy(13): 性别班级省份市\县\区街道委\村小区\屯具体地址父亲姓名父亲电话母亲姓名母亲电话其他
2020/8/7 9:24:43
Copy(13): 性别班级省份市\县\区街道委\村小区\屯具体地址父亲姓名父亲电话母亲姓名母亲电话其他
2020/8/7 9:25:07
Move
2020/8/7 9:25:07
Changed(name): 刘子敬
2020/8/7 9:25:07
Changed(sex): 男
2020/8/7 9:25:07
Changed(village): 前炮委
2020/8/7 9:25:07
Changed(area): 都市人家
2020/8/7 9:25:07
Changed(number): 6号楼4单元602
2020/8/7 9:25:07
Changed(fname): 刘继双
2020/8/7 9:25:07
Changed(fphone): 15640904151
2020/8/7 9:25:07
Changed(mname): 都娟
2020/8/7 9:25:07
Changed(mohone): 13478619135
2020/8/7 9:25:07
Move
2020/8/7 9:25:07
Changed(mohone): 13478619235
2020/8/7 9:25:07
Move
2020/8/7 9:25:07
Changed(name): 杨奕菲
2020/8/7 9:25:07
Changed(sex): 女
2020/8/7 9:25:07
Changed(street): 城关街道。
2020/8/7 9:25:07
Changed(village): 芙蓉委
2020/8/7 9:25:07
Changed(area): 芙蓉花园
2020/8/7 9:25:07
Changed(number): 64号楼3单元
2020/8/7 9:25:07
Changed(fname): 杨天宝
2020/8/7 9:25:07
Changed(fphone): 13842895936
2020/8/7 9:25:07
Changed(mname): 张志立
2020/8/7 9:25:07
Changed(mohone): 15734190151
2020/8/7 9:25:08
Move
2020/8/7 9:25:08
Changed(name): 
2020/8/7 9:25:08
Changed(sex): 
2020/8/7 9:25:08
Changed(class): 
2020/8/7 9:25:08
Changed(pro): 
2020/8/7 9:25:08
Changed(city): 
2020/8/7 9:25:08
Changed(street): 
2020/8/7 9:25:08
Changed(village): 
2020/8/7 9:25:08
Changed(area): 
2020/8/7 9:25:08
Changed(number): 
2020/8/7 9:25:08
Changed(fname): 
2020/8/7 9:25:08
Changed(fphone): 
2020/8/7 9:25:08
Changed(mname): 
2020/8/7 9:25:08
Changed(mohone): 
2020/8/7 9:25:08
Move
2020/8/7 9:25:10
Move
2020/8/7 9:25:10
Move
2020/8/7 9:25:11
Move
2020/8/7 9:25:11
Changed(name): 杨奕菲
2020/8/7 9:25:11
Changed(sex): 女
2020/8/7 9:25:11
Changed(class): 1.4
2020/8/7 9:25:11
Changed(pro): 辽宁省
2020/8/7 9:25:11
Changed(city): 庄河市
2020/8/7 9:25:11
Changed(street): 城关街道。
2020/8/7 9:25:11
Changed(village): 芙蓉委
2020/8/7 9:25:11
Changed(area): 芙蓉花园
2020/8/7 9:25:11
Changed(number): 64号楼3单元
2020/8/7 9:25:11
Changed(fname): 杨天宝
2020/8/7 9:25:11
Changed(fphone): 13842895936
2020/8/7 9:25:11
Changed(mname): 张志立
2020/8/7 9:25:11
Changed(mohone): 15734190151
2020/8/7 9:25:11
Move
2020/8/7 9:25:11
Changed(name): 刘子敬
2020/8/7 9:25:11
Changed(sex): 男
2020/8/7 9:25:11
Changed(street): 新华街道
2020/8/7 9:25:11
Changed(village): 前炮委
2020/8/7 9:25:11
Changed(area): 都市人家
2020/8/7 9:25:11
Changed(number): 6号楼4单元602
2020/8/7 9:25:11
Changed(fname): 刘继双
2020/8/7 9:25:11
Changed(fphone): 15640904151
2020/8/7 9:25:11
Changed(mname): 都娟
2020/8/7 9:25:11
Changed(mohone): 13478619235
2020/8/7 9:25:11
Move
2020/8/7 9:25:11
Changed(mohone): 13478619135
2020/8/7 9:25:11
Move
2020/8/7 9:25:11
Changed(name): 向美霖
2020/8/7 9:25:11
Changed(sex): 女
2020/8/7 9:25:11
Changed(village): 长征委
2020/8/7 9:25:11
Changed(area): 木兰小区
2020/8/7 9:25:11
Changed(number): 24号楼一单元201
2020/8/7 9:25:11
Changed(fname): 向世江
2020/8/7 9:25:11
Changed(fphone): 15898148885
2020/8/7 9:25:11
Changed(mname): 刘小林，阳红英（可能为姐姐）
2020/8/7 9:25:11
Changed(mohone): 17318283117（阳红英）
2020/8/7 9:25:12
Move
2020/8/7 9:25:12
Changed(name): 于傲洋
2020/8/7 9:25:12
Changed(sex): 男
2020/8/7 9:25:12
Changed(street): 
2020/8/7 9:25:12
Changed(village): 
2020/8/7 9:25:12
Changed(area): 
2020/8/7 9:25:12
Changed(number): 
2020/8/7 9:25:12
Changed(fname): 
2020/8/7 9:25:12
Changed(fphone): 
2020/8/7 9:25:12
Changed(mname): 
2020/8/7 9:25:12
Changed(mohone): 
2020/8/7 9:25:12
Move
2020/8/7 9:25:12
Changed(name): 刘沣漪
2020/8/7 9:25:12
Changed(street): 城关街道
2020/8/7 9:25:12
Changed(village): 财政委
2020/8/7 9:25:12
Changed(area): 海云天三期52号2单元701
2020/8/7 9:25:12
Changed(fname): 刘玉贵
2020/8/7 9:25:12
Changed(fphone): 15942527399
2020/8/7 9:25:12
Changed(mname): 杨娟
2020/8/7 9:25:12
Changed(mohone): 18342029008
2020/8/7 9:25:12
Move
2020/8/7 9:25:12
Changed(name): 赵翔辉
2020/8/7 9:25:12
Changed(street): 新华街道
2020/8/7 9:25:12
Changed(village): 前炮委
2020/8/7 9:25:12
Changed(area): 伟业一期
2020/8/7 9:25:12
Changed(number): 七号楼三单元403
2020/8/7 9:25:12
Changed(fname): 赵守业
2020/8/7 9:25:12
Changed(fphone): 15504959053
2020/8/7 9:25:12
Changed(mname): 张桂春
2020/8/7 9:25:12
Changed(mohone): 13478757551
2020/8/7 9:25:12
Move
2020/8/7 9:25:12
Changed(name): 
2020/8/7 9:25:12
Changed(sex): 
2020/8/7 9:25:12
Changed(street): 成关街道
2020/8/7 9:25:12
Changed(village): 财政委
2020/8/7 9:25:12
Changed(area): 国奥花园3期
2020/8/7 9:25:12
Changed(number): 2B1805
2020/8/7 9:25:12
Changed(fname): 阿布力孜
2020/8/7 9:25:12
Changed(fphone): 13842827926
2020/8/7 9:25:12
Changed(mname): 林勇
2020/8/7 9:25:12
Changed(mohone): 15942631107
2020/8/7 9:25:13
Move
2020/8/7 9:25:13
Changed(name): 姚祺蕾
2020/8/7 9:25:13
Changed(sex): 女
2020/8/7 9:25:13
Changed(street): 城关街道
2020/8/7 9:25:13
Changed(village): 东风委
2020/8/7 9:25:13
Changed(area): 海港路一段
2020/8/7 9:25:13
Changed(number): 523号
2020/8/7 9:25:13
Changed(fname): 姚德东
2020/8/7 9:25:13
Changed(fphone): 18041142777
2020/8/7 9:25:13
Changed(mname): 张美华
2020/8/7 9:25:13
Changed(mohone): 13998438566
2020/8/7 9:25:13
Move
2020/8/7 9:25:13
Changed(name): 李俊漾
2020/8/7 9:25:13
Changed(sex): 男
2020/8/7 9:25:13
Changed(street): 新华街道
2020/8/7 9:25:13
Changed(village): 长征委
2020/8/7 9:25:13
Changed(area): 木兰花园
2020/8/7 9:25:13
Changed(number): 6号楼7单元202
2020/8/7 9:25:13
Changed(fname): 李庆龙
2020/8/7 9:25:13
Changed(fphone): 15842455775
2020/8/7 9:25:13
Changed(mname): 盛永华
2020/8/7 9:25:13
Changed(mohone): 15842624297
2020/8/7 9:25:13
Move
2020/8/7 9:25:13
Changed(name): 宫继伟
2020/8/7 9:25:13
Changed(street): 城关街道
2020/8/7 9:25:13
Changed(village): 财政委
2020/8/7 9:25:13
Changed(area): 国奥花园
2020/8/7 9:25:13
Changed(number): 二期十一号楼三单元302室
2020/8/7 9:25:13
Changed(fname): 
2020/8/7 9:25:13
Changed(fphone): 
2020/8/7 9:25:13
Changed(mname): 倪晓庆
2020/8/7 9:25:13
Changed(mohone): 15566835280
2020/8/7 9:25:13
Move
2020/8/7 9:25:13
Changed(name): 寇文璟
2020/8/7 9:25:13
Changed(street): 新华街道
2020/8/7 9:25:13
Changed(village): 后炮委

2020/8/7 9:25:13
Changed(area): 百鑫家园
2020/8/7 9:25:13
Changed(number): 3号楼一单元701
2020/8/7 9:25:13
Changed(fname): 寇庆良
2020/8/7 9:25:13
Changed(fphone): 13079886106
2020/8/7 9:25:13
Changed(mname): 肖成海
2020/8/7 9:25:13
Changed(mohone): 13591804879
2020/8/7 9:25:13
Move
2020/8/7 9:25:13
Changed(name): 迟舒月
2020/8/7 9:25:13
Changed(sex): 女
2020/8/7 9:25:13
Changed(street): 城关街道
2020/8/7 9:25:13
Changed(village): 红崖委
2020/8/7 9:25:13
Changed(area): 巴黎春田
2020/8/7 9:25:13
Changed(number): 九号楼二单元202
2020/8/7 9:25:13
Changed(fname): 迟文俊
2020/8/7 9:25:13
Changed(fphone): 15840667176
2020/8/7 9:25:13
Changed(mname): 王影丽
2020/8/7 9:25:13
Changed(mohone): 15940911716
2020/8/7 9:25:14
Move
2020/8/7 9:25:14
Changed(name): 寇文璟
2020/8/7 9:25:14
Changed(sex): 男
2020/8/7 9:25:14
Changed(street): 新华街道
2020/8/7 9:25:14
Changed(village): 后炮委

2020/8/7 9:25:14
Changed(area): 百鑫家园
2020/8/7 9:25:14
Changed(number): 3号楼一单元701
2020/8/7 9:25:14
Changed(fname): 寇庆良
2020/8/7 9:25:14
Changed(fphone): 13079886106
2020/8/7 9:25:14
Changed(mname): 肖成海
2020/8/7 9:25:14
Changed(mohone): 13591804879
2020/8/7 9:25:14
Move
2020/8/7 9:25:14
Changed(name): 宫继伟
2020/8/7 9:25:14
Changed(street): 城关街道
2020/8/7 9:25:14
Changed(village): 财政委
2020/8/7 9:25:14
Changed(area): 国奥花园
2020/8/7 9:25:14
Changed(number): 二期十一号楼三单元302室
2020/8/7 9:25:14
Changed(fname): 
2020/8/7 9:25:14
Changed(fphone): 
2020/8/7 9:25:14
Changed(mname): 倪晓庆
2020/8/7 9:25:14
Changed(mohone): 15566835280
2020/8/7 9:25:15
Move
2020/8/7 9:25:15
Changed(name): 李俊漾
2020/8/7 9:25:15
Changed(street): 新华街道
2020/8/7 9:25:15
Changed(village): 长征委
2020/8/7 9:25:15
Changed(area): 木兰花园
2020/8/7 9:25:15
Changed(number): 6号楼7单元202
2020/8/7 9:25:15
Changed(fname): 李庆龙
2020/8/7 9:25:15
Changed(fphone): 15842455775
2020/8/7 9:25:15
Changed(mname): 盛永华
2020/8/7 9:25:15
Changed(mohone): 15842624297
2020/8/7 9:25:15
Move
2020/8/7 9:25:15
Changed(name): 姚祺蕾
2020/8/7 9:25:15
Changed(sex): 女
2020/8/7 9:25:15
Changed(street): 城关街道
2020/8/7 9:25:15
Changed(village): 东风委
2020/8/7 9:25:15
Changed(area): 海港路一段
2020/8/7 9:25:15
Changed(number): 523号
2020/8/7 9:25:15
Changed(fname): 姚德东
2020/8/7 9:25:15
Changed(fphone): 18041142777
2020/8/7 9:25:15
Changed(mname): 张美华
2020/8/7 9:25:15
Changed(mohone): 13998438566
2020/8/7 9:25:15
Move
2020/8/7 9:25:15
Changed(name): 
2020/8/7 9:25:15
Changed(sex): 
2020/8/7 9:25:15
Changed(street): 成关街道
2020/8/7 9:25:15
Changed(village): 财政委
2020/8/7 9:25:15
Changed(area): 国奥花园3期
2020/8/7 9:25:15
Changed(number): 2B1805
2020/8/7 9:25:15
Changed(fname): 阿布力孜
2020/8/7 9:25:15
Changed(fphone): 13842827926
2020/8/7 9:25:15
Changed(mname): 林勇
2020/8/7 9:25:15
Changed(mohone): 15942631107
2020/8/7 9:25:15
Move
2020/8/7 9:25:15
Changed(name): 赵翔辉
2020/8/7 9:25:15
Changed(sex): 男
2020/8/7 9:25:15
Changed(street): 新华街道
2020/8/7 9:25:15
Changed(village): 前炮委
2020/8/7 9:25:15
Changed(area): 伟业一期
2020/8/7 9:25:15
Changed(number): 七号楼三单元403
2020/8/7 9:25:15
Changed(fname): 赵守业
2020/8/7 9:25:15
Changed(fphone): 15504959053
2020/8/7 9:25:15
Changed(mname): 张桂春
2020/8/7 9:25:15
Changed(mohone): 13478757551
2020/8/7 9:25:16
Move
2020/8/7 9:25:16
Changed(name): 刘沣漪
2020/8/7 9:25:16
Changed(street): 城关街道
2020/8/7 9:25:16
Changed(village): 财政委
2020/8/7 9:25:16
Changed(area): 海云天三期52号2单元701
2020/8/7 9:25:16
Changed(number): 
2020/8/7 9:25:16
Changed(fname): 刘玉贵
2020/8/7 9:25:16
Changed(fphone): 15942527399
2020/8/7 9:25:16
Changed(mname): 杨娟
2020/8/7 9:25:16
Changed(mohone): 18342029008
2020/8/7 9:25:16
Move
2020/8/7 9:25:16
Changed(name): 于傲洋
2020/8/7 9:25:16
Changed(street): 
2020/8/7 9:25:16
Changed(village): 
2020/8/7 9:25:16
Changed(area): 
2020/8/7 9:25:16
Changed(fname): 
2020/8/7 9:25:16
Changed(fphone): 
2020/8/7 9:25:16
Changed(mname): 
2020/8/7 9:25:16
Changed(mohone): 
2020/8/7 9:25:17
Move
2020/8/7 9:25:17
Changed(name): 向美霖
2020/8/7 9:25:17
Changed(sex): 女
2020/8/7 9:25:17
Changed(street): 新华街道
2020/8/7 9:25:17
Changed(village): 长征委
2020/8/7 9:25:17
Changed(area): 木兰小区
2020/8/7 9:25:17
Changed(number): 24号楼一单元201
2020/8/7 9:25:17
Changed(fname): 向世江
2020/8/7 9:25:17
Changed(fphone): 15898148885
2020/8/7 9:25:17
Changed(mname): 刘小林，阳红英（可能为姐姐）
2020/8/7 9:25:17
Changed(mohone): 17318283117（阳红英）
2020/8/7 9:25:17
Move
2020/8/7 9:25:17
Changed(name): 刘子敬
2020/8/7 9:25:17
Changed(sex): 男
2020/8/7 9:25:17
Changed(village): 前炮委
2020/8/7 9:25:17
Changed(area): 都市人家
2020/8/7 9:25:17
Changed(number): 6号楼4单元602
2020/8/7 9:25:17
Changed(fname): 刘继双
2020/8/7 9:25:17
Changed(fphone): 15640904151
2020/8/7 9:25:17
Changed(mname): 都娟
2020/8/7 9:25:17
Changed(mohone): 13478619135
2020/8/7 9:25:18
Move
2020/8/7 9:25:18
Changed(mohone): 13478619235
2020/8/7 9:25:18
Move
2020/8/7 9:25:18
Changed(name): 杨奕菲
2020/8/7 9:25:18
Changed(sex): 女
2020/8/7 9:25:18
Changed(street): 城关街道。
2020/8/7 9:25:18
Changed(village): 芙蓉委
2020/8/7 9:25:18
Changed(area): 芙蓉花园
2020/8/7 9:25:18
Changed(number): 64号楼3单元
2020/8/7 9:25:18
Changed(fname): 杨天宝
2020/8/7 9:25:18
Changed(fphone): 13842895936
2020/8/7 9:25:18
Changed(mname): 张志立
2020/8/7 9:25:18
Changed(mohone): 15734190151
2020/8/7 9:25:18
Move
2020/8/7 9:25:18
Changed(name): 
2020/8/7 9:25:18
Changed(sex): 
2020/8/7 9:25:18
Changed(class): 
2020/8/7 9:25:18
Changed(pro): 
2020/8/7 9:25:18
Changed(city): 
2020/8/7 9:25:18
Changed(street): 
2020/8/7 9:25:18
Changed(village): 
2020/8/7 9:25:18
Changed(area): 
2020/8/7 9:25:18
Changed(number): 
2020/8/7 9:25:18
Changed(fname): 
2020/8/7 9:25:18
Changed(fphone): 
2020/8/7 9:25:18
Changed(mname): 
2020/8/7 9:25:18
Changed(mohone): 
2020/8/7 9:25:19
Move
2020/8/7 9:25:21
Move
2020/8/7 9:25:21
Move
2020/8/7 9:25:21
Changed(name): 孙海荣
2020/8/7 9:25:21
Changed(sex): 女
2020/8/7 9:25:21
Changed(class): 1.4
2020/8/7 9:25:21
Changed(pro): 辽宁省
2020/8/7 9:25:21
Changed(city): 庄河市
2020/8/7 9:25:21
Changed(street): 城关街道
2020/8/7 9:25:21
Changed(village): 财政委
2020/8/7 9:25:21
Changed(area): 国奥花园四期
2020/8/7 9:25:21
Changed(number): 23号楼三单元802
2020/8/7 9:25:21
Changed(fname): 孙弘业
2020/8/7 9:25:21
Changed(fphone): 15998551047
2020/8/7 9:25:21
Changed(mname): 姚晓娥
2020/8/7 9:25:21
Changed(mohone): 15842684922
2020/8/7 9:25:21
Changed(other): 无
2020/8/7 9:25:21
Delete
2020/8/7 9:25:22
Move
2020/8/7 9:25:22
Changed(name): 刘懿文
2020/8/7 9:25:22
Changed(village): 东风委
2020/8/7 9:25:22
Changed(area): 水仙丽景园
2020/8/7 9:25:22
Changed(number): 一期A94单元202号
2020/8/7 9:25:22
Changed(fname): 刘英涛
2020/8/7 9:25:22
Changed(fphone): 13942658773
2020/8/7 9:25:22
Changed(mname): 李丹
2020/8/7 9:25:22
Changed(mohone): 15524622866
2020/8/7 9:25:22
Changed(other): 
2020/8/7 9:25:23
Move
2020/8/7 9:25:23
Changed(name): 孙坤铭
2020/8/7 9:25:23
Changed(sex): 男
2020/8/7 9:25:23
Changed(village): 景泰委
2020/8/7 9:25:23
Changed(area): 景泰玫瑰园
2020/8/7 9:25:23
Changed(number): 7#楼5单元1002
2020/8/7 9:25:23
Changed(fname): 孙香伟
2020/8/7 9:25:23
Changed(fphone): 13591358469
2020/8/7 9:25:23
Changed(mname): 刘丽丽
2020/8/7 9:25:23
Changed(mohone): 13889402065
2020/8/7 9:25:23
Move
2020/8/7 9:25:23
Changed(name): 刘欢乐
2020/8/7 9:25:23
Changed(sex): 女
2020/8/7 9:25:23
Changed(street): 红岩街道
2020/8/7 9:25:23
Changed(village): 工会委
2020/8/7 9:25:23
Changed(area): 金鹏名府
2020/8/7 9:25:23
Changed(number): 21号楼一单元302
2020/8/7 9:25:23
Changed(fname): 刘振锋
2020/8/7 9:25:23
Changed(fphone): 13998453767
2020/8/7 9:25:23
Changed(mname): 刘小珍
2020/8/7 9:25:23
Changed(mohone): 15898161867
2020/8/7 9:25:23
Move
2020/8/7 9:25:23
Changed(name): 李瑜洋
2020/8/7 9:25:23
Changed(street): 城关街道
2020/8/7 9:25:23
Changed(village): 财政委
2020/8/7 9:25:23
Changed(area): 国奥花园一期
2020/8/7 9:25:23
Changed(number): 15号楼三单元601
2020/8/7 9:25:23
Changed(fname): 李影新
2020/8/7 9:25:23
Changed(fphone): 15840659711
2020/8/7 9:25:23
Changed(mname): 张日炜
2020/8/7 9:25:23
Changed(mohone): 13889446608
2020/8/7 9:25:23
Move
2020/8/7 9:25:23
Changed(name): 陈长治
2020/8/7 9:25:23
Changed(sex): 男
2020/8/7 9:25:23
Changed(street): 新华街道
2020/8/7 9:25:23
Changed(village): 长征委
2020/8/7 9:25:23
Changed(area): 木兰花园
2020/8/7 9:25:23
Changed(number): 三号楼一单元901
2020/8/7 9:25:23
Changed(fname): 
2020/8/7 9:25:23
Changed(fphone): 
2020/8/7 9:25:23
Changed(mname): 
2020/8/7 9:25:23
Changed(mohone): 15248082584
2020/8/7 9:25:23
Changed(other): 张璐（姐姐）
2020/8/7 9:25:24
Move
2020/8/7 9:25:24
Changed(name): 王尊
2020/8/7 9:25:24
Changed(village): 工人委
2020/8/7 9:25:24
Changed(area): 国奥新天剧
2020/8/7 9:25:24
Changed(number): 26b三单元1302
2020/8/7 9:25:24
Changed(mname): 董欢欢
2020/8/7 9:25:24
Changed(mohone): 13304112177
2020/8/7 9:25:24
Changed(other): 
2020/8/7 9:25:24
Move
2020/8/7 9:25:24
Changed(name): 刘俊宏
2020/8/7 9:25:24
Changed(village): 前炮委
2020/8/7 9:25:24
Changed(area): 百鑫家园
2020/8/7 9:25:24
Changed(number): 3号楼二单元
2020/8/7 9:25:24
Changed(fname): 刘杰
2020/8/7 9:25:24
Changed(fphone): 15998657212
2020/8/7 9:25:24
Changed(mname): 肖晶
2020/8/7 9:25:24
Changed(mohone): 15724588229
2020/8/7 9:25:24
Move
2020/8/7 9:25:24
Changed(name): 孙艺菲
2020/8/7 9:25:24
Changed(sex): 女
2020/8/7 9:25:24
Changed(street): 城关街道
2020/8/7 9:25:24
Changed(village): 财政委
2020/8/7 9:25:24
Changed(area): 国奥花园一期
2020/8/7 9:25:24
Changed(number): 21号楼5单元801
2020/8/7 9:25:24
Changed(fname): 孙忠夫
2020/8/7 9:25:24
Changed(fphone): 15842627890
2020/8/7 9:25:24
Changed(mname): 宋翠平
2020/8/7 9:25:24
Changed(mohone): 15542549996
2020/8/7 9:25:24
Move
2020/8/7 9:25:24
Changed(name): 李铭淞
2020/8/7 9:25:24
Changed(sex): 男
2020/8/7 9:25:24
Changed(street): 昌盛街道
2020/8/7 9:25:24
Changed(village): 工会委
2020/8/7 9:25:24
Changed(area): 金鹏家园
2020/8/7 9:25:24
Changed(number): 6号楼4单元302
2020/8/7 9:25:24
Changed(fname): 李程浩
2020/8/7 9:25:24
Changed(fphone): 15942639961
2020/8/7 9:25:24
Changed(mname): 王清
2020/8/7 9:25:24
Changed(mohone): 13840883062
2020/8/7 9:25:24
Move
2020/8/7 9:25:24
Changed(name): 张栩瑜
2020/8/7 9:25:24
Changed(street): 新华街道
2020/8/7 9:25:24
Changed(village): 站前委
2020/8/7 9:25:24
Changed(area): 新馨家园
2020/8/7 9:25:24
Changed(number): 3号楼5单元602
2020/8/7 9:25:24
Changed(fname): 张群
2020/8/7 9:25:24
Changed(fphone): 13190157700
2020/8/7 9:25:24
Changed(mname): 徐爽
2020/8/7 9:25:24
Changed(mohone): 13190127700
2020/8/7 9:25:25
Move
2020/8/7 9:25:25
Changed(name): 于昆鹭
2020/8/7 9:25:25
Changed(sex): 女
2020/8/7 9:25:25
Changed(street): 城关街道
2020/8/7 9:25:25
Changed(village): 长征委
2020/8/7 9:25:25
Changed(area): 金河花园
2020/8/7 9:25:25
Changed(number): 1号楼1单元301
2020/8/7 9:25:25
Changed(fname): 于之雄
2020/8/7 9:25:25
Changed(fphone): 15998502826
2020/8/7 9:25:25
Changed(mname): 于娟
2020/8/7 9:25:25
Changed(mohone): 13889698829
2020/8/7 9:25:25
Move
2020/8/7 9:25:25
Changed(name): 赵静涛
2020/8/7 9:25:25
Changed(sex): 男
2020/8/7 9:25:25
Changed(street): 昌盛街道
2020/8/7 9:25:25
Changed(village): 财政委
2020/8/7 9:25:25
Changed(area): 
2020/8/7 9:25:25
Changed(number): 一单元201
2020/8/7 9:25:25
Changed(fname): 赵静涛
2020/8/7 9:25:25
Changed(fphone): 17824888852
2020/8/7 9:25:25
Changed(mname): 吕桂波
2020/8/7 9:25:25
Changed(mohone): 17824888852
2020/8/7 9:25:25
Move
2020/8/7 9:25:25
Changed(name): 王洋
2020/8/7 9:25:25
Changed(sex): 女
2020/8/7 9:25:25
Changed(street): 城关街道
2020/8/7 9:25:25
Changed(area): 五一小区
2020/8/7 9:25:25
Changed(number): 18号楼二单元301
2020/8/7 9:25:25
Changed(fname): 王兆党
2020/8/7 9:25:25
Changed(fphone): 15042499177
2020/8/7 9:25:25
Changed(mname): 卢晓艳
2020/8/7 9:25:25
Changed(mohone): 15140425927
2020/8/7 9:25:25
Changed(other): 王涵（妹妹）
2020/8/7 9:25:25
Move
2020/8/7 9:25:25
Changed(name): 李昱
2020/8/7 9:25:25
Changed(street): 新华街道
2020/8/7 9:25:25
Changed(village): 前炮委
2020/8/7 9:25:25
Changed(area): 都市人家
2020/8/7 9:25:25
Changed(number): 1号楼二单元
2020/8/7 9:25:25
Changed(fname): 李成年
2020/8/7 9:25:25
Changed(fphone): 13009405653
2020/8/7 9:25:25
Changed(mname): 张秋
2020/8/7 9:25:25
Changed(mohone): 15942488857
2020/8/7 9:25:25
Changed(other): 
2020/8/7 9:25:25
Move
2020/8/7 9:25:25
Changed(name): 宫禧
2020/8/7 9:25:25
Changed(street): 城关街道
2020/8/7 9:25:25
Changed(village): 水仙委
2020/8/7 9:25:25
Changed(area): 未来新家园
2020/8/7 9:25:25
Changed(number): 十八号楼—8—1层
2020/8/7 9:25:25
Changed(fname): 宫兴鑫
2020/8/7 9:25:25
Changed(fphone): 13591831615
2020/8/7 9:25:25
Changed(mname): 邵可婷
2020/8/7 9:25:25
Changed(mohone): 13840837037
2020/8/7 9:25:26
Move
2020/8/7 9:25:26
Changed(name): 郝艺婷
2020/8/7 9:25:26
Changed(street): 新华街道
2020/8/7 9:25:26
Changed(village): 长征委
2020/8/7 9:25:26
Changed(area): 向阳花园
2020/8/7 9:25:26
Changed(number): 7号楼1单元501
2020/8/7 9:25:26
Changed(fname): 郝大鹏
2020/8/7 9:25:26
Changed(fphone): 15524610191
2020/8/7 9:25:26
Changed(mname): 姚丽丽
2020/8/7 9:25:26
Changed(mohone): 13234057083
2020/8/7 9:25:26
Move
2020/8/7 9:25:26
Changed(name): 肖欣函
2020/8/7 9:25:26
Changed(street): 城关街道
2020/8/7 9:25:26
Changed(village): 财政委
2020/8/7 9:25:26
Changed(area): 国奥四期
2020/8/7 9:25:26
Changed(number): 四十三号楼1-601
2020/8/7 9:25:26
Changed(fname): 肖峰
2020/8/7 9:25:26
Changed(fphone): 17709810829
2020/8/7 9:25:26
Changed(mname): 张云霞
2020/8/7 9:25:26
Changed(mohone): 15840878175
2020/8/7 9:25:26
Move
2020/8/7 9:25:26
Changed(name): 王艳霞
2020/8/7 9:25:26
Changed(village): 景泰委
2020/8/7 9:25:26
Changed(area): 鑫兴紫韵
2020/8/7 9:25:26
Changed(number): 6-2-501
2020/8/7 9:25:26
Changed(fname): 
2020/8/7 9:25:26
Changed(fphone): 
2020/8/7 9:25:26
Changed(mname): 刘小朋
2020/8/7 9:25:26
Changed(mohone): 15941195328
2020/8/7 9:25:26
Move
2020/8/7 9:25:26
Changed(name): 刘哲然
2020/8/7 9:25:26
Changed(village): 红崖委
2020/8/7 9:25:26
Changed(area): 水仙公馆二期
2020/8/7 9:25:26
Changed(number): 17号1-2-1
2020/8/7 9:25:26
Changed(fname): 刘鹏生
2020/8/7 9:25:26
Changed(fphone): 15640981588
2020/8/7 9:25:26
Changed(mname): 孙爽
2020/8/7 9:25:26
Changed(mohone): 13704280300
2020/8/7 9:25:26
Changed(other): 刘浩然(妹妹)
2020/8/7 9:25:26
Move
2020/8/7 9:25:26
Changed(name): 崔瀚林
2020/8/7 9:25:26
Changed(sex): 男
2020/8/7 9:25:26
Changed(village): 财政委
2020/8/7 9:25:26
Changed(area): 国奥花园
2020/8/7 9:25:26
Changed(number): 18号楼4单元202
2020/8/7 9:25:26
Changed(fname): 崔大巍
2020/8/7 9:25:26
Changed(fphone): 13998587179
2020/8/7 9:25:26
Changed(mname): 宋慧慧
2020/8/7 9:25:26
Changed(mohone): 15998519167
2020/8/7 9:25:26
Changed(other): 
2020/8/7 9:25:27
Move
2020/8/7 9:25:27
Changed(name): 刘柘君
2020/8/7 9:25:27
Changed(sex): 女
2020/8/7 9:25:27
Changed(village): 水仙委
2020/8/7 9:25:27
Changed(area): 海云天二期
2020/8/7 9:25:27
Changed(number): 47号楼二单元1102
2020/8/7 9:25:27
Changed(fname): 刘炳庆
2020/8/7 9:25:27
Changed(fphone): 15542360003
2020/8/7 9:25:27
Changed(mname): 薛晓平
2020/8/7 9:25:27
Changed(mohone): 15640889889
2020/8/7 9:25:27
Move
2020/8/7 9:25:27
Changed(name): 
2020/8/7 9:25:27
Changed(sex): 
2020/8/7 9:25:27
Changed(pro): 
2020/8/7 9:25:27
Changed(city): 
2020/8/7 9:25:27
Changed(street): 
2020/8/7 9:25:27
Changed(village): 
2020/8/7 9:25:27
Changed(area): 
2020/8/7 9:25:27
Changed(number): 
2020/8/7 9:25:27
Changed(fname): 
2020/8/7 9:25:27
Changed(fphone): 
2020/8/7 9:25:27
Changed(mname): 
2020/8/7 9:25:27
Changed(mohone): 
2020/8/7 9:25:27
Move
2020/8/7 9:25:27
Changed(name): 唐棨颢
2020/8/7 9:25:27
Changed(sex): 男
2020/8/7 9:25:27
Changed(pro): 辽宁省
2020/8/7 9:25:27
Changed(city): 庄河市
2020/8/7 9:25:27
Changed(street): 新华街道
2020/8/7 9:25:27
Changed(village): 光明委
2020/8/7 9:25:27
Changed(area): 新东方家园
2020/8/7 9:25:27
Changed(number): 8－2－501
2020/8/7 9:25:27
Changed(fname): 唐涵涛
2020/8/7 9:25:27
Changed(fphone): 13478618521
2020/8/7 9:25:27
Changed(mname): 毕晓慧
2020/8/7 9:25:27
Changed(mohone): 13478988148
2020/8/7 9:25:27
Move
2020/8/7 9:25:27
Changed(name): 
2020/8/7 9:25:27
Changed(sex): 
2020/8/7 9:25:27
Changed(class): 
2020/8/7 9:25:27
Changed(pro): 
2020/8/7 9:25:27
Changed(city): 
2020/8/7 9:25:27
Changed(street): 
2020/8/7 9:25:27
Changed(village): 
2020/8/7 9:25:27
Changed(area): 
2020/8/7 9:25:27
Changed(number): 
2020/8/7 9:25:27
Changed(fname): 
2020/8/7 9:25:27
Changed(fphone): 
2020/8/7 9:25:27
Changed(mname): 
2020/8/7 9:25:27
Changed(mohone): 
2020/8/7 9:25:28
Move
2020/8/7 9:25:28
Move
2020/8/7 9:25:28
Changed(name): 孙海荣
2020/8/7 9:25:28
Changed(sex): 女
2020/8/7 9:25:28
Changed(class): 1.4
2020/8/7 9:25:28
Changed(pro): 辽宁省
2020/8/7 9:25:28
Changed(city): 庄河市
2020/8/7 9:25:28
Changed(street): 城关街道
2020/8/7 9:25:28
Changed(village): 财政委
2020/8/7 9:25:28
Changed(area): 国奥花园四期
2020/8/7 9:25:28
Changed(number): 23号楼三单元802
2020/8/7 9:25:28
Changed(fname): 孙弘业
2020/8/7 9:25:28
Changed(fphone): 15998551047
2020/8/7 9:25:28
Changed(mname): 姚晓娥
2020/8/7 9:25:28
Changed(mohone): 15842684922
2020/8/7 9:25:28
Changed(other): 无
2020/8/7 9:25:28
Delete
2020/8/7 9:25:29
Move
2020/8/7 9:25:29
Changed(name): 
2020/8/7 9:25:29
Changed(sex): 
2020/8/7 9:25:29
Changed(class): 
2020/8/7 9:25:29
Changed(pro): 
2020/8/7 9:25:29
Changed(city): 
2020/8/7 9:25:29
Changed(street): 
2020/8/7 9:25:29
Changed(village): 
2020/8/7 9:25:29
Changed(area): 
2020/8/7 9:25:29
Changed(number): 
2020/8/7 9:25:29
Changed(fname): 
2020/8/7 9:25:29
Changed(fphone): 
2020/8/7 9:25:29
Changed(mname): 
2020/8/7 9:25:29
Changed(mohone): 
2020/8/7 9:25:29
Changed(other): 
2020/8/7 9:25:30
Move
2020/8/7 9:25:30
Move
2020/8/7 9:25:30
Changed(name): 孙海荣
2020/8/7 9:25:30
Changed(sex): 女
2020/8/7 9:25:30
Changed(class): 1.4
2020/8/7 9:25:30
Changed(pro): 辽宁省
2020/8/7 9:25:30
Changed(city): 庄河市
2020/8/7 9:25:30
Changed(street): 城关街道
2020/8/7 9:25:30
Changed(village): 财政委
2020/8/7 9:25:30
Changed(area): 国奥花园四期
2020/8/7 9:25:30
Changed(number): 23号楼三单元802
2020/8/7 9:25:30
Changed(fname): 孙弘业
2020/8/7 9:25:30
Changed(fphone): 15998551047
2020/8/7 9:25:30
Changed(mname): 姚晓娥
2020/8/7 9:25:30
Changed(mohone): 15842684922
2020/8/7 9:25:30
Changed(other): 无
2020/8/7 9:25:30
Delete
2020/8/7 9:25:31
Move
2020/8/7 9:25:31
Changed(name): 杨奕菲
2020/8/7 9:25:31
Changed(street): 城关街道。
2020/8/7 9:25:31
Changed(village): 芙蓉委
2020/8/7 9:25:31
Changed(area): 芙蓉花园
2020/8/7 9:25:31
Changed(number): 64号楼3单元
2020/8/7 9:25:31
Changed(fname): 杨天宝
2020/8/7 9:25:31
Changed(fphone): 13842895936
2020/8/7 9:25:31
Changed(mname): 张志立
2020/8/7 9:25:31
Changed(mohone): 15734190151
2020/8/7 9:25:31
Changed(other): 
2020/8/7 9:25:32
Move
2020/8/7 9:25:32
Move
2020/8/7 9:25:32
Changed(name): 孙海荣
2020/8/7 9:25:32
Changed(street): 城关街道
2020/8/7 9:25:32
Changed(village): 财政委
2020/8/7 9:25:32
Changed(area): 国奥花园四期
2020/8/7 9:25:32
Changed(number): 23号楼三单元802
2020/8/7 9:25:32
Changed(fname): 孙弘业
2020/8/7 9:25:32
Changed(fphone): 15998551047
2020/8/7 9:25:32
Changed(mname): 姚晓娥
2020/8/7 9:25:32
Changed(mohone): 15842684922
2020/8/7 9:25:32
Changed(other): 无
2020/8/7 9:25:32
Delete
2020/8/7 9:25:34
Move
2020/8/7 9:25:34
Changed(name): 刘子敬
2020/8/7 9:25:34
Changed(sex): 男
2020/8/7 9:25:34
Changed(street): 新华街道
2020/8/7 9:25:34
Changed(village): 前炮委
2020/8/7 9:25:34
Changed(area): 都市人家
2020/8/7 9:25:34
Changed(number): 6号楼4单元602
2020/8/7 9:25:34
Changed(fname): 刘继双
2020/8/7 9:25:34
Changed(fphone): 15640904151
2020/8/7 9:25:34
Changed(mname): 都娟
2020/8/7 9:25:34
Changed(mohone): 13478619235
2020/8/7 9:25:34
Changed(other): 
2020/8/7 9:25:35
Move
2020/8/7 9:25:35
Move
2020/8/7 9:25:36
Move
2020/8/7 9:25:36
Move
2020/8/7 9:25:37
Move
2020/8/7 9:25:39            
Minimized
2020/8/7 9:25:43
Changed(name): 孙海荣
2020/8/7 9:25:43
Changed(sex): 女
2020/8/7 9:25:43
Changed(class): 1.4
2020/8/7 9:25:43
Changed(pro): 辽宁省
2020/8/7 9:25:43
Changed(city): 庄河市
2020/8/7 9:25:43
Changed(street): 城关街道
2020/8/7 9:25:43
Changed(village): 财政委
2020/8/7 9:25:43
Changed(area): 国奥花园四期
2020/8/7 9:25:43
Changed(number): 23号楼三单元802
2020/8/7 9:25:43
Changed(fname): 孙弘业
2020/8/7 9:25:43
Changed(fphone): 15998551047
2020/8/7 9:25:43
Changed(mname): 姚晓娥
2020/8/7 9:25:43
Changed(mohone): 15842684922
2020/8/7 9:25:43
Changed(other): 无
2020/8/7 9:25:43
End


三十一中学生信息管理系统  3.00.0058 Open 2020/8/7 9:28:16 Error:0
2020/8/7 9:28:18
Changed(name): 刘明轩
2020/8/7 9:28:18
Changed(sex): 男
2020/8/7 9:28:18
Changed(class): 1.3
2020/8/7 9:28:18
Changed(pro): 辽宁省
2020/8/7 9:28:18
Changed(city): 庄河市
2020/8/7 9:28:18
Changed(street): 新华街道
2020/8/7 9:28:18
Changed(village): 长征委
2020/8/7 9:28:18
Changed(area): 幸福之家
2020/8/7 9:28:18
Changed(number): 2号楼四单元201
2020/8/7 9:28:18
Changed(fname): 刘成群
2020/8/7 9:28:18
Changed(fphone): 15998519559
2020/8/7 9:28:18
Changed(mname): 张黎
2020/8/7 9:28:18
Changed(mohone): 13500721530
2020/8/7 9:28:18
Changed(other): 无
2020/8/7 9:28:19
Move
2020/8/7 9:28:20            
Minimized


三十一中学生信息管理系统  3.00.0058 Open 2020/8/7 9:56:56 Error:0
2020/8/7 9:56:59            
Minimized


三十一中学生信息管理系统  3.00.0058 Open 2020/8/7 9:59:44 Error:0
2020/8/7 9:59:45            
Minimized


三十一中学生信息管理系统  3.00.0058 Open 2020/8/25 13:43:23 Error:0
2020/8/25 13:43:28
Changed(name): 刘明轩
2020/8/25 13:43:28
Changed(sex): 男
2020/8/25 13:43:28
Changed(class): 1.3
2020/8/25 13:43:28
Changed(pro): 辽宁省
2020/8/25 13:43:28
Changed(city): 庄河市
2020/8/25 13:43:28
Changed(street): 新华街道
2020/8/25 13:43:28
Changed(village): 长征委
2020/8/25 13:43:28
Changed(area): 幸福之家
2020/8/25 13:43:28
Changed(number): 2号楼四单元201
2020/8/25 13:43:28
Changed(fname): 刘成群
2020/8/25 13:43:28
Changed(fphone): 15998519559
2020/8/25 13:43:28
Changed(mname): 张黎
2020/8/25 13:43:28
Changed(mohone): 13500721530
2020/8/25 13:43:28
Changed(other): 无
2020/8/25 13:43:34
Move
2020/8/25 13:43:34
Changed(name): 尚钰雯
2020/8/25 13:43:34
Changed(street): 城关街道
2020/8/25 13:43:34
Changed(village): 工会委
2020/8/25 13:43:34
Changed(area): 美鑫家园
2020/8/25 13:43:34
Changed(number): 1号楼三单元501
2020/8/25 13:43:34
Changed(fname): 尚家祺
2020/8/25 13:43:34
Changed(fphone): 13940927795
2020/8/25 13:43:34
Changed(mname): 张春艳
2020/8/25 13:43:34
Changed(mohone): 13591738512
2020/8/25 13:43:34
Changed(other): 尚志本  爷孙关系
2020/8/25 13:43:35
Move
2020/8/25 13:43:35
Changed(name): 徐靖智
2020/8/25 13:43:35
Changed(street): 新华街道
2020/8/25 13:43:35
Changed(village): 前炮委
2020/8/25 13:43:35
Changed(area): 都市小区
2020/8/25 13:43:35
Changed(number): 10号三单元401
2020/8/25 13:43:35
Changed(fname): 徐广岩
2020/8/25 13:43:35
Changed(fphone): 13236917579
2020/8/25 13:43:35
Changed(mname): 史荣贤
2020/8/25 13:43:35
Changed(mohone): 13898472057
2020/8/25 13:43:35
Changed(other): 无
2020/8/25 13:43:35
Move
2020/8/25 13:43:35
Changed(name): 刘之涵
2020/8/25 13:43:35
Changed(street): 城关街道
2020/8/25 13:43:35
Changed(village): 财政委
2020/8/25 13:43:35
Changed(area): 九洲城
2020/8/25 13:43:35
Changed(number): 六号楼一单元1502
2020/8/25 13:43:35
Changed(fname): 刘岳山
2020/8/25 13:43:35
Changed(fphone): 18940831569
2020/8/25 13:43:35
Changed(mname): 唐雪
2020/8/25 13:43:35
Changed(mohone): 13322230158
2020/8/25 13:43:35
Changed(other): 父母，妹妹，共四人
2020/8/25 13:43:43
Move
2020/8/25 13:43:43
Changed(name): 孙逸铭
2020/8/25 13:43:43
Changed(street): 兴达街道
2020/8/25 13:43:43
Changed(village): 后炮台
2020/8/25 13:43:43
Changed(area): 世纪海云天一期
2020/8/25 13:43:43
Changed(number): 8号楼1单元702
2020/8/25 13:43:43
Changed(fname): 孙元斌
2020/8/25 13:43:43
Changed(fphone): 13504955080
2020/8/25 13:43:43
Changed(mname): 姜娜
2020/8/25 13:43:43
Changed(mohone): 15242516599
2020/8/25 13:43:43
Changed(other): 无
2020/8/25 13:43:46
Move
2020/8/25 13:43:46
Changed(name): 孙艺菲
2020/8/25 13:43:46
Changed(sex): 女
2020/8/25 13:43:46
Changed(class): 1.4
2020/8/25 13:43:46
Changed(street): 城关街道
2020/8/25 13:43:46
Changed(village): 财政委
2020/8/25 13:43:46
Changed(area): 国奥花园一期
2020/8/25 13:43:46
Changed(number): 21号楼5单元801
2020/8/25 13:43:46
Changed(fname): 孙忠夫
2020/8/25 13:43:46
Changed(fphone): 15842627890
2020/8/25 13:43:46
Changed(mname): 宋翠平
2020/8/25 13:43:46
Changed(mohone): 15542549996
2020/8/25 13:43:46
Changed(other): 
2020/8/25 13:43:47
Move
2020/8/25 13:43:47
Changed(name): 向美霖
2020/8/25 13:43:47
Changed(street): 新华街道
2020/8/25 13:43:47
Changed(village): 长征委
2020/8/25 13:43:47
Changed(area): 木兰小区
2020/8/25 13:43:47
Changed(number): 24号楼一单元201
2020/8/25 13:43:47
Changed(fname): 向世江
2020/8/25 13:43:47
Changed(fphone): 15898148885
2020/8/25 13:43:47
Changed(mname): 阳红英
2020/8/25 13:43:47
Changed(mohone): 17318283117
2020/8/25 13:44:02
Copy(13): 性别班级省份市\县\区街道委\村小区\屯具体地址父亲姓名父亲电话母亲姓名母亲电话其他
2020/8/25 13:44:27
Find: 向向美霖
性别:女
班级:1.4
省份:辽宁省
市\县\区:庄河市
街道:新华街道
委\村:长征委
小区\屯:木兰小区
具体地址:24号楼一单元201
父亲姓名:向世江
父亲电话:15898148885
母亲姓名:阳红英
母亲电话:17318283117
其他:
2020/8/25 13:44:27
Move
2020/8/25 13:44:27
Changed(name): 刘明轩
2020/8/25 13:44:27
Changed(sex): 男
2020/8/25 13:44:27
Changed(class): 1.3
2020/8/25 13:44:27
Changed(area): 幸福之家
2020/8/25 13:44:27
Changed(number): 2号楼四单元201
2020/8/25 13:44:27
Changed(fname): 刘成群
2020/8/25 13:44:27
Changed(fphone): 15998519559
2020/8/25 13:44:27
Changed(mname): 张黎
2020/8/25 13:44:27
Changed(mohone): 13500721530
2020/8/25 13:44:27
Changed(other): 无
2020/8/25 13:44:27
Move
2020/8/25 13:44:27
Move
2020/8/25 13:44:27
Move
2020/8/25 13:44:27
Move
2020/8/25 13:44:27
Move
2020/8/25 13:44:27
Move
2020/8/25 13:44:27
Move
2020/8/25 13:44:27
Move
2020/8/25 13:44:27
Move
2020/8/25 13:44:32
Find: 向向美霖
性别:女
班级:1.4
省份:辽宁省
市\县\区:庄河市
街道:新华街道
委\村:长征委
小区\屯:木兰小区
具体地址:24号楼一单元201
父亲姓名:向世江
父亲电话:15898148885
母亲姓名:阳红英
母亲电话:17318283117
其他:
2020/8/25 13:44:32
Move
2020/8/25 13:44:32
Move
2020/8/25 13:44:32
Move
2020/8/25 13:44:32
Move
2020/8/25 13:44:32
Move
2020/8/25 13:44:32
Move
2020/8/25 13:44:32
Move
2020/8/25 13:44:32
Move
2020/8/25 13:44:32
Move
2020/8/25 13:44:32
Move
2020/8/25 13:44:52
ClearRecord
2020/8/25 13:44:54
Find: 向向美霖
性别:女
班级:1.4
省份:辽宁省
市\县\区:庄河市
街道:新华街道
委\村:长征委
小区\屯:木兰小区
具体地址:24号楼一单元201
父亲姓名:向世江
父亲电话:15898148885
母亲姓名:阳红英
母亲电话:17318283117
其他:
2020/8/25 13:44:54
Move
2020/8/25 13:44:54
Move
2020/8/25 13:44:54
Move
2020/8/25 13:44:54
Move
2020/8/25 13:44:54
Move
2020/8/25 13:44:54
Move
2020/8/25 13:44:54
Move
2020/8/25 13:44:54
Move
2020/8/25 13:44:54
Move
2020/8/25 13:44:54
Move
2020/8/25 13:45:10
Move
2020/8/25 13:45:11          
Minimized
2020/8/25 13:45:15
Changed(name): 刘明轩
2020/8/25 13:45:15
Changed(sex): 男
2020/8/25 13:45:15
Changed(class): 1.3
2020/8/25 13:45:15
Changed(pro): 辽宁省
2020/8/25 13:45:15
Changed(city): 庄河市
2020/8/25 13:45:15
Changed(street): 新华街道
2020/8/25 13:45:15
Changed(village): 长征委
2020/8/25 13:45:15
Changed(area): 幸福之家
2020/8/25 13:45:15
Changed(number): 2号楼四单元201
2020/8/25 13:45:16
Changed(fname): 刘成群
2020/8/25 13:45:16
Changed(fphone): 15998519559
2020/8/25 13:45:16
Changed(mname): 张黎
2020/8/25 13:45:16
Changed(mohone): 13500721530
2020/8/25 13:45:16
Changed(other): 无
2020/8/25 13:45:21
Move
2020/8/25 13:45:22
Changed(name): 孙海荣
2020/8/25 13:45:22
Changed(sex): 女
2020/8/25 13:45:22
Changed(class): 1.4
2020/8/25 13:45:22
Changed(pro): 辽宁省
2020/8/25 13:45:22
Changed(city): 庄河市
2020/8/25 13:45:22
Changed(street): 城关街道
2020/8/25 13:45:22
Changed(village): 财政委
2020/8/25 13:45:22
Changed(area): 国奥花园四期
2020/8/25 13:45:22
Changed(number): 23号楼三单元802
2020/8/25 13:45:22
Changed(fname): 孙弘业
2020/8/25 13:45:22
Changed(fphone): 15998551047
2020/8/25 13:45:22
Changed(mname): 姚晓娥
2020/8/25 13:45:22
Changed(mohone): 15842684922
2020/8/25 13:45:22
Changed(other): 无
2020/8/25 13:45:35
Move
2020/8/25 13:45:35          
Minimized
2020/8/25 13:45:49
Changed(name): 孙海荣
2020/8/25 13:45:49
Changed(sex): 女
2020/8/25 13:45:49
Changed(class): 1.4
2020/8/25 13:45:49
Changed(pro): 辽宁省
2020/8/25 13:45:49
Changed(city): 庄河市
2020/8/25 13:45:49
Changed(street): 城关街道
2020/8/25 13:45:49
Changed(village): 财政委
2020/8/25 13:45:49
Changed(area): 国奥花园四期
2020/8/25 13:45:49
Changed(number): 23号楼三单元802
2020/8/25 13:45:49
Changed(fname): 孙弘业
2020/8/25 13:45:49
Changed(fphone): 15998551047
2020/8/25 13:45:49
Changed(mname): 姚晓娥
2020/8/25 13:45:49
Changed(mohone): 15842684922
2020/8/25 13:45:49
Changed(other): 无
2020/8/25 13:45:51
End


三十一中学生信息管理系统  3.00.0058 Open 2020/8/28 8:47:45 Error:0
2020/8/28 8:47:48
Changed(name): 孙海荣
2020/8/28 8:47:48
Changed(sex): 女
2020/8/28 8:47:48
Changed(class): 1.4
2020/8/28 8:47:48
Changed(pro): 辽宁省
2020/8/28 8:47:48
Changed(city): 庄河市
2020/8/28 8:47:48
Changed(street): 城关街道
2020/8/28 8:47:48
Changed(village): 财政委
2020/8/28 8:47:48
Changed(area): 国奥花园四期
2020/8/28 8:47:48
Changed(number): 23号楼三单元802
2020/8/28 8:47:48
Changed(fname): 孙弘业
2020/8/28 8:47:48
Changed(fphone): 15998551047
2020/8/28 8:47:48
Changed(mname): 姚晓娥
2020/8/28 8:47:48
Changed(mohone): 15842684922
2020/8/28 8:47:48
Changed(other): 无
2020/8/28 8:47:52
Move
2020/8/28 8:47:52
Changed(name): 孙艺菲
2020/8/28 8:47:52
Changed(area): 国奥花园一期
2020/8/28 8:47:52
Changed(number): 21号楼5单元801
2020/8/28 8:47:52
Changed(fname): 孙忠夫
2020/8/28 8:47:52
Changed(fphone): 15842627890
2020/8/28 8:47:52
Changed(mname): 宋翠平
2020/8/28 8:47:52
Changed(mohone): 15542549996
2020/8/28 8:47:52
Changed(other): 
2020/8/28 8:47:53
Move
2020/8/28 8:47:53
Changed(name): 向美霖
2020/8/28 8:47:53
Changed(street): 新华街道
2020/8/28 8:47:53
Changed(village): 长征委
2020/8/28 8:47:53
Changed(area): 木兰小区
2020/8/28 8:47:53
Changed(number): 24号楼一单元201
2020/8/28 8:47:53
Changed(fname): 向世江
2020/8/28 8:47:53
Changed(fphone): 15898148885
2020/8/28 8:47:53
Changed(mname): 刘小林，阳红英（可能为姐姐）
2020/8/28 8:47:53
Changed(mohone): 17318283117（阳红英）
2020/8/28 8:48:41
Make
2020/8/28 8:48:43
Changed(class): 1.
2020/8/28 8:48:44
Changed(class): 1.4
2020/8/28 8:48:45
Make
2020/8/28 8:48:55
Move
2020/8/28 8:48:56           
Minimized
2020/8/28 8:49:01
Changed(name): 孙海荣
2020/8/28 8:49:01
Changed(sex): 女
2020/8/28 8:49:01
Changed(class): 1.4
2020/8/28 8:49:01
Changed(pro): 辽宁省
2020/8/28 8:49:01
Changed(city): 庄河市
2020/8/28 8:49:01
Changed(street): 城关街道
2020/8/28 8:49:01
Changed(village): 财政委
2020/8/28 8:49:01
Changed(area): 国奥花园四期
2020/8/28 8:49:01
Changed(number): 23号楼三单元802
2020/8/28 8:49:01
Changed(fname): 孙弘业
2020/8/28 8:49:01
Changed(fphone): 15998551047
2020/8/28 8:49:01
Changed(mname): 姚晓娥
2020/8/28 8:49:01
Changed(mohone): 15842684922
2020/8/28 8:49:01
Changed(other): 无
2020/8/28 8:49:01
End


三十一中学生信息管理系统  3.00.0058 Open 2020/9/5 19:17:15 Error:0
2020/9/5 19:17:17
Changed(name): 刘明轩
2020/9/5 19:17:17
Changed(sex): 男
2020/9/5 19:17:17
Changed(class): 1.3
2020/9/5 19:17:17
Changed(pro): 辽宁省
2020/9/5 19:17:17
Changed(city): 庄河市
2020/9/5 19:17:17
Changed(street): 新华街道
2020/9/5 19:17:17
Changed(village): 长征委
2020/9/5 19:17:17
Changed(area): 幸福之家
2020/9/5 19:17:17
Changed(number): 2号楼四单元201
2020/9/5 19:17:17
Changed(fname): 刘成群
2020/9/5 19:17:17
Changed(fphone): 15998519559
2020/9/5 19:17:17
Changed(mname): 张黎
2020/9/5 19:17:17
Changed(mohone): 13500721530
2020/9/5 19:17:17
Changed(other): 无
2020/9/5 19:17:22
Move
2020/9/5 19:17:23
Changed(name): 刘明轩
2020/9/5 19:17:23
Changed(sex): 男
2020/9/5 19:17:23
Changed(class): 1.3
2020/9/5 19:17:23
Changed(pro): 辽宁省
2020/9/5 19:17:23
Changed(city): 庄河市
2020/9/5 19:17:23
Changed(street): 新华街道
2020/9/5 19:17:23
Changed(village): 长征委
2020/9/5 19:17:23
Changed(area): 幸福之家
2020/9/5 19:17:23
Changed(number): 2号楼四单元201
2020/9/5 19:17:23
Changed(fname): 刘成群
2020/9/5 19:17:23
Changed(fphone): 15998519559
2020/9/5 19:17:23
Changed(mname): 张黎
2020/9/5 19:17:23
Changed(mohone): 13500721530
2020/9/5 19:17:23
Changed(other): 无
2020/9/5 19:17:29
Move
2020/9/5 19:17:29
Changed(name): 尚钰雯
2020/9/5 19:17:29
Changed(street): 城关街道
2020/9/5 19:17:29
Changed(village): 工会委
2020/9/5 19:17:29
Changed(area): 美鑫家园
2020/9/5 19:17:29
Changed(number): 1号楼三单元501
2020/9/5 19:17:29
Changed(fname): 尚家祺
2020/9/5 19:17:29
Changed(fphone): 13940927795
2020/9/5 19:17:29
Changed(mname): 张春艳
2020/9/5 19:17:29
Changed(mohone): 13591738512
2020/9/5 19:17:29
Changed(other): 尚志本  爷孙关系
2020/9/5 19:17:29
Move
2020/9/5 19:17:29
Changed(name): 徐靖智
2020/9/5 19:17:29
Changed(street): 新华街道
2020/9/5 19:17:29
Changed(village): 前炮委
2020/9/5 19:17:29
Changed(area): 都市小区
2020/9/5 19:17:29
Changed(number): 10号三单元401
2020/9/5 19:17:29
Changed(fname): 徐广岩
2020/9/5 19:17:29
Changed(fphone): 13236917579
2020/9/5 19:17:29
Changed(mname): 史荣贤
2020/9/5 19:17:29
Changed(mohone): 13898472057
2020/9/5 19:17:29
Changed(other): 无
2020/9/5 19:17:30
Move
2020/9/5 19:17:30
Changed(name): 刘之涵
2020/9/5 19:17:30
Changed(street): 城关街道
2020/9/5 19:17:30
Changed(village): 财政委
2020/9/5 19:17:30
Changed(area): 九洲城
2020/9/5 19:17:30
Changed(number): 六号楼一单元1502
2020/9/5 19:17:30
Changed(fname): 刘岳山
2020/9/5 19:17:30
Changed(fphone): 18940831569
2020/9/5 19:17:30
Changed(mname): 唐雪
2020/9/5 19:17:30
Changed(mohone): 13322230158
2020/9/5 19:17:30
Changed(other): 父母，妹妹，共四人
2020/9/5 19:17:31
Move
2020/9/5 19:17:31
Changed(name): 于喆
2020/9/5 19:17:31
Changed(sex): 女
2020/9/5 19:17:31
Changed(area): 金鹏家园
2020/9/5 19:17:31
Changed(number): 10号楼一单元402
2020/9/5 19:17:31
Changed(fname): 于富强
2020/9/5 19:17:31
Changed(fphone): 15998457277
2020/9/5 19:17:31
Changed(mname): 王军
2020/9/5 19:17:31
Changed(mohone): 15840838518
2020/9/5 19:17:31
Changed(other): 无
2020/9/5 19:17:31
Move
2020/9/5 19:17:31
Changed(name): 朱琳
2020/9/5 19:17:31
Changed(street): 新华街道
2020/9/5 19:17:31
Changed(village): 长征委
2020/9/5 19:17:31
Changed(area): 祥瑞园
2020/9/5 19:17:31
Changed(number): 九号楼三单元402
2020/9/5 19:17:31
Changed(fname): 朱升文
2020/9/5 19:17:31
Changed(fphone): 15524776688
2020/9/5 19:17:31
Changed(mname): 李雪梅
2020/9/5 19:17:31
Changed(mohone): 139409338776
2020/9/5 19:17:32
Move
2020/9/5 19:17:32
Changed(name): 姚平舒
2020/9/5 19:17:32
Changed(street): 城关街道
2020/9/5 19:17:32
Changed(village): 东风委
2020/9/5 19:17:32
Changed(area): 天伦花园
2020/9/5 19:17:32
Changed(number): 十号楼一单元402
2020/9/5 19:17:32
Changed(fname): 姚锐
2020/9/5 19:17:32
Changed(fphone): 15524583822
2020/9/5 19:17:32
Changed(mname): 邱桂玉
2020/9/5 19:17:32
Changed(mohone): 15241161612
2020/9/5 19:17:33
Move
2020/9/5 19:17:33
Changed(name): 余沅凯
2020/9/5 19:17:33
Changed(sex): 男
2020/9/5 19:17:33
Changed(village): 工会委
2020/9/5 19:17:33
Changed(area): 金鹏名府
2020/9/5 19:17:33
Changed(number): 19号楼2单元402
2020/9/5 19:17:33
Changed(fname): 余峰
2020/9/5 19:17:33
Changed(fphone): 13664206666
2020/9/5 19:17:33
Changed(mname): 王晓林
2020/9/5 19:17:33
Changed(mohone): 13942697209
2020/9/5 19:17:33
Move
2020/9/5 19:17:33
Changed(name): 于知沅
2020/9/5 19:17:33
Changed(sex): 女
2020/9/5 19:17:33
Changed(village): 水仙委
2020/9/5 19:17:33
Changed(area): 水仙公馆二期
2020/9/5 19:17:33
Changed(number): 21号楼2单元602
2020/9/5 19:17:33
Changed(fname): 于相文
2020/9/5 19:17:33
Changed(fphone): 13504252733
2020/9/5 19:17:33
Changed(mname): 刘彩红
2020/9/5 19:17:33
Changed(mohone): 15842476828
2020/9/5 19:17:34
Move
2020/9/5 19:17:34
Changed(name): 由政林
2020/9/5 19:17:34
Changed(sex): 男
2020/9/5 19:17:34
Changed(village): 景泰委
2020/9/5 19:17:34
Changed(area): 海云天二期
2020/9/5 19:17:34
Changed(number): 43号楼1单元302
2020/9/5 19:17:34
Changed(fname): 由振威
2020/9/5 19:17:34
Changed(fphone): 13998501133
2020/9/5 19:17:34
Changed(mname): 郑续坤
2020/9/5 19:17:34
Changed(mohone): 13998646222
2020/9/5 19:17:34
Changed(other): 
2020/9/5 19:17:38
Make
2020/9/5 19:17:39
Make
2020/9/5 19:17:40
Make
2020/9/5 19:17:41
Make
2020/9/5 19:17:48
Move
2020/9/5 19:17:49           
Minimized
2020/9/5 19:17:54
Changed(name): 刘明轩
2020/9/5 19:17:54
Changed(sex): 男
2020/9/5 19:17:54
Changed(class): 1.3
2020/9/5 19:17:54
Changed(pro): 辽宁省
2020/9/5 19:17:54
Changed(city): 庄河市
2020/9/5 19:17:54
Changed(street): 新华街道
2020/9/5 19:17:54
Changed(village): 长征委
2020/9/5 19:17:54
Changed(area): 幸福之家
2020/9/5 19:17:54
Changed(number): 2号楼四单元201
2020/9/5 19:17:54
Changed(fname): 刘成群
2020/9/5 19:17:54
Changed(fphone): 15998519559
2020/9/5 19:17:54
Changed(mname): 张黎
2020/9/5 19:17:54
Changed(mohone): 13500721530
2020/9/5 19:17:54
Changed(other): 无
2020/9/5 19:17:54
End


三十一中学生信息管理系统  3.00.0059 Open 2020/9/5 19:23:04 Error:0
2020/9/5 19:23:05
Changed(name): 刘明轩
2020/9/5 19:23:05
Changed(sex): 男
2020/9/5 19:23:05
Changed(class): 1.3
2020/9/5 19:23:05
Changed(pro): 辽宁省
2020/9/5 19:23:05
Changed(city): 庄河市
2020/9/5 19:23:05
Changed(street): 新华街道
2020/9/5 19:23:05
Changed(village): 长征委
2020/9/5 19:23:05
Changed(area): 幸福之家
2020/9/5 19:23:05
Changed(number): 2号楼四单元201
2020/9/5 19:23:05
Changed(fname): 刘成群
2020/9/5 19:23:05
Changed(fphone): 15998519559
2020/9/5 19:23:05
Changed(mname): 张黎
2020/9/5 19:23:05
Changed(mohone): 13500721530
2020/9/5 19:23:05
Changed(other): 无
2020/9/5 19:23:15
Make


三十一中学生信息管理系统  3.00.0058 Open 2020/10/16 11:52:11 Error:0
2020/10/16 11:52:14         
Minimized
2020/10/16 11:52:17
End


三十一中学生信息管理系统  3.00.0058 Open 2020/10/16 11:52:28 Error:0
2020/10/16 11:52:30
Changed(name): 刘明轩
2020/10/16 11:52:30
Changed(sex): 男
2020/10/16 11:52:30
Changed(class): 1.3
2020/10/16 11:52:30
Changed(pro): 辽宁省
2020/10/16 11:52:30
Changed(city): 庄河市
2020/10/16 11:52:30
Changed(street): 新华街道
2020/10/16 11:52:30
Changed(village): 长征委
2020/10/16 11:52:30
Changed(area): 幸福之家
2020/10/16 11:52:30
Changed(number): 2号楼四单元201
2020/10/16 11:52:30
Changed(fname): 刘成群
2020/10/16 11:52:30
Changed(fphone): 15998519559
2020/10/16 11:52:30
Changed(mname): 张黎
2020/10/16 11:52:30
Changed(mohone): 13500721530
2020/10/16 11:52:30
Changed(other): 无
2020/10/16 11:52:39
ClearRecord
2020/10/16 11:52:47
Move
2020/10/16 11:52:47
Changed(name): 孙艺菲
2020/10/16 11:52:47
Changed(sex): 女
2020/10/16 11:52:47
Changed(class): 1.4
2020/10/16 11:52:47
Changed(street): 城关街道
2020/10/16 11:52:47
Changed(village): 财政委
2020/10/16 11:52:47
Changed(area): 国奥花园一期
2020/10/16 11:52:47
Changed(number): 21号楼5单元801
2020/10/16 11:52:47
Changed(fname): 孙忠夫
2020/10/16 11:52:47
Changed(fphone): 15842627890
2020/10/16 11:52:47
Changed(mname): 宋翠平
2020/10/16 11:52:47
Changed(mohone): 15542549996
2020/10/16 11:52:47
Changed(other): 
2020/10/16 11:52:54
Copy(13): 性别班级省份市\县\区街道委\村小区\屯具体地址父亲姓名父亲电话母亲姓名母亲电话其他
2020/10/16 11:53:19
Move
2020/10/16 11:53:26
Move
2020/10/16 11:53:27         
Minimized
2020/10/16 11:54:21
Changed(name): 刘明轩
2020/10/16 11:54:21
Changed(sex): 男
2020/10/16 11:54:21
Changed(class): 1.3
2020/10/16 11:54:21
Changed(pro): 辽宁省
2020/10/16 11:54:21
Changed(city): 庄河市
2020/10/16 11:54:21
Changed(street): 新华街道
2020/10/16 11:54:21
Changed(village): 长征委
2020/10/16 11:54:21
Changed(area): 幸福之家
2020/10/16 11:54:21
Changed(number): 2号楼四单元201
2020/10/16 11:54:21
Changed(fname): 刘成群
2020/10/16 11:54:21
Changed(fphone): 15998519559
2020/10/16 11:54:21
Changed(mname): 张黎
2020/10/16 11:54:21
Changed(mohone): 13500721530
2020/10/16 11:54:21
Changed(other): 无
2020/10/16 11:54:21
End


三十一中学生信息管理系统  3.00.0059 Open 2020/10/16 11:54:33 Error:0
2020/10/16 11:54:35
Changed(name): 刘明轩
2020/10/16 11:54:35
Changed(sex): 男
2020/10/16 11:54:35
Changed(class): 1.3
2020/10/16 11:54:35
Changed(pro): 辽宁省
2020/10/16 11:54:35
Changed(city): 庄河市
2020/10/16 11:54:35
Changed(street): 新华街道
2020/10/16 11:54:35
Changed(village): 长征委
2020/10/16 11:54:35
Changed(area): 幸福之家
2020/10/16 11:54:35
Changed(number): 2号楼四单元201
2020/10/16 11:54:35
Changed(fname): 刘成群
2020/10/16 11:54:35
Changed(fphone): 15998519559
2020/10/16 11:54:35
Changed(mname): 张黎
2020/10/16 11:54:35
Changed(mohone): 13500721530
2020/10/16 11:54:35
Changed(other): 无
2020/10/16 11:54:38
Move
2020/10/16 11:54:38
Changed(name): 尚钰雯
2020/10/16 11:54:38
Changed(street): 城关街道
2020/10/16 11:54:38
Changed(village): 工会委
2020/10/16 11:54:38
Changed(area): 美鑫家园
2020/10/16 11:54:38
Changed(number): 1号楼三单元501
2020/10/16 11:54:38
Changed(fname): 尚家祺
2020/10/16 11:54:38
Changed(fphone): 13940927795
2020/10/16 11:54:38
Changed(mname): 张春艳
2020/10/16 11:54:38
Changed(mohone): 13591738512
2020/10/16 11:54:38
Changed(other): 尚志本  爷孙关系
2020/10/16 11:54:39
Move
2020/10/16 11:54:39
Changed(name): 徐靖智
2020/10/16 11:54:39
Changed(street): 新华街道
2020/10/16 11:54:39
Changed(village): 前炮委
2020/10/16 11:54:39
Changed(area): 都市小区
2020/10/16 11:54:39
Changed(number): 10号三单元401
2020/10/16 11:54:39
Changed(fname): 徐广岩
2020/10/16 11:54:39
Changed(fphone): 13236917579
2020/10/16 11:54:39
Changed(mname): 史荣贤
2020/10/16 11:54:39
Changed(mohone): 13898472057
2020/10/16 11:54:39
Changed(other): 无
2020/10/16 11:54:39
Move
2020/10/16 11:54:39
Changed(name): 刘之涵
2020/10/16 11:54:39
Changed(street): 城关街道
2020/10/16 11:54:39
Changed(village): 财政委
2020/10/16 11:54:39
Changed(area): 九洲城
2020/10/16 11:54:39
Changed(number): 六号楼一单元1502
2020/10/16 11:54:39
Changed(fname): 刘岳山
2020/10/16 11:54:39
Changed(fphone): 18940831569
2020/10/16 11:54:39
Changed(mname): 唐雪
2020/10/16 11:54:39
Changed(mohone): 13322230158
2020/10/16 11:54:39
Changed(other): 父母，妹妹，共四人
2020/10/16 11:54:39
Move
2020/10/16 11:54:39
Changed(name): 于喆
2020/10/16 11:54:39
Changed(sex): 女
2020/10/16 11:54:39
Changed(area): 金鹏家园
2020/10/16 11:54:39
Changed(number): 10号楼一单元402
2020/10/16 11:54:39
Changed(fname): 于富强
2020/10/16 11:54:39
Changed(fphone): 15998457277
2020/10/16 11:54:39
Changed(mname): 王军
2020/10/16 11:54:39
Changed(mohone): 15840838518
2020/10/16 11:54:39
Changed(other): 无
2020/10/16 11:54:40
Move
2020/10/16 11:54:40
Changed(name): 朱琳
2020/10/16 11:54:40
Changed(street): 新华街道
2020/10/16 11:54:40
Changed(village): 长征委
2020/10/16 11:54:40
Changed(area): 祥瑞园
2020/10/16 11:54:40
Changed(number): 九号楼三单元402
2020/10/16 11:54:40
Changed(fname): 朱升文
2020/10/16 11:54:40
Changed(fphone): 15524776688
2020/10/16 11:54:40
Changed(mname): 李雪梅
2020/10/16 11:54:40
Changed(mohone): 139409338776
2020/10/16 11:54:40
Move
2020/10/16 11:54:40
Changed(name): 姚平舒
2020/10/16 11:54:40
Changed(street): 城关街道
2020/10/16 11:54:40
Changed(village): 东风委
2020/10/16 11:54:40
Changed(area): 天伦花园
2020/10/16 11:54:40
Changed(number): 十号楼一单元402
2020/10/16 11:54:40
Changed(fname): 姚锐
2020/10/16 11:54:40
Changed(fphone): 15524583822
2020/10/16 11:54:40
Changed(mname): 邱桂玉
2020/10/16 11:54:40
Changed(mohone): 15241161612
2020/10/16 11:54:40
Move
2020/10/16 11:54:40
Changed(name): 余沅凯
2020/10/16 11:54:40
Changed(sex): 男
2020/10/16 11:54:40
Changed(village): 工会委
2020/10/16 11:54:40
Changed(area): 金鹏名府
2020/10/16 11:54:40
Changed(number): 19号楼2单元402
2020/10/16 11:54:40
Changed(fname): 余峰
2020/10/16 11:54:40
Changed(fphone): 13664206666
2020/10/16 11:54:40
Changed(mname): 王晓林
2020/10/16 11:54:40
Changed(mohone): 13942697209
2020/10/16 11:54:40
Move
2020/10/16 11:54:40
Changed(name): 于知沅
2020/10/16 11:54:40
Changed(sex): 女
2020/10/16 11:54:40
Changed(village): 水仙委
2020/10/16 11:54:40
Changed(area): 水仙公馆二期
2020/10/16 11:54:40
Changed(number): 21号楼2单元602
2020/10/16 11:54:40
Changed(fname): 于相文
2020/10/16 11:54:40
Changed(fphone): 13504252733
2020/10/16 11:54:40
Changed(mname): 刘彩红
2020/10/16 11:54:40
Changed(mohone): 15842476828
2020/10/16 11:54:42
Move
2020/10/16 11:54:42
Changed(name): 由政林
2020/10/16 11:54:42
Changed(sex): 男
2020/10/16 11:54:42
Changed(village): 景泰委
2020/10/16 11:54:42
Changed(area): 海云天二期
2020/10/16 11:54:42
Changed(number): 43号楼1单元302
2020/10/16 11:54:42
Changed(fname): 由振威
2020/10/16 11:54:42
Changed(fphone): 13998501133
2020/10/16 11:54:42
Changed(mname): 郑续坤
2020/10/16 11:54:42
Changed(mohone): 13998646222
2020/10/16 11:54:42
Changed(other): 
2020/10/16 11:54:42
Move
2020/10/16 11:54:42
Changed(name): 于涵
2020/10/16 11:54:42
Changed(sex): 女
2020/10/16 11:54:42
Changed(village): 东方红委
2020/10/16 11:54:42
Changed(area): 东方红小区
2020/10/16 11:54:42
Changed(number): 4号楼4单元301
2020/10/16 11:54:42
Changed(fname): 于祥龙
2020/10/16 11:54:42
Changed(fphone): 13354093777
2020/10/16 11:54:42
Changed(mname): 王秀丽
2020/10/16 11:54:42
Changed(mohone): 13889427799
2020/10/16 11:54:42
Changed(other): 无
2020/10/16 11:54:42
Move
2020/10/16 11:54:42
Changed(name): 石伊方
2020/10/16 11:54:42
Changed(street): 新华街道
2020/10/16 11:54:42
Changed(village): 长征委
2020/10/16 11:54:42
Changed(area): 木兰小区
2020/10/16 11:54:42
Changed(number): 24号楼5单元502
2020/10/16 11:54:42
Changed(fname): 杨娜
2020/10/16 11:54:42
Changed(fphone): 13478962507
2020/10/16 11:54:42
Changed(mname): 王全民
2020/10/16 11:54:42
Changed(mohone): 15142405951
2020/10/16 11:54:43
Move
2020/10/16 11:54:43
Changed(name): 倪鹤玮
2020/10/16 11:54:43
Changed(village): 前炮委
2020/10/16 11:54:43
Changed(area): 向阳家园
2020/10/16 11:54:43
Changed(number): 11号楼一单元502
2020/10/16 11:54:43
Changed(fname): 房华
2020/10/16 11:54:43
Changed(fphone): 15941192658
2020/10/16 11:54:43
Changed(mname): 倪长年
2020/10/16 11:54:43
Changed(mohone): 13119456336
2020/10/16 11:54:43
Changed(other): 
2020/10/16 11:54:43
Move
2020/10/16 11:54:43
Changed(name): 尚倩如
2020/10/16 11:54:43
Changed(street): 城关街道
2020/10/16 11:54:43
Changed(village): 工会委
2020/10/16 11:54:43
Changed(area): 美鑫家园
2020/10/16 11:54:43
Changed(number): 1号楼3单元501
2020/10/16 11:54:43
Changed(fname): 尚家祺
2020/10/16 11:54:43
Changed(fphone): 13940927795
2020/10/16 11:54:43
Changed(mname): 张春艳
2020/10/16 11:54:43
Changed(mohone): 13591738512
2020/10/16 11:54:43
Changed(other): 尚志本  爷孙关系
2020/10/16 11:54:44
Move
2020/10/16 11:54:44
Changed(name): 赵桓
2020/10/16 11:54:44
Changed(street): 新华街道
2020/10/16 11:54:44
Changed(village): 前炮委
2020/10/16 11:54:44
Changed(area): 向阳小区
2020/10/16 11:54:44
Changed(number): 13号楼3单元502
2020/10/16 11:54:44
Changed(fname): 赵万里
2020/10/16 11:54:44
Changed(fphone): 18840860636
2020/10/16 11:54:44
Changed(mname): 王飞
2020/10/16 11:54:44
Changed(mohone): 15142302908
2020/10/16 11:54:44
Changed(other): 
2020/10/16 11:54:44
Move
2020/10/16 11:54:44
Changed(name): 丁禹辰
2020/10/16 11:54:44
Changed(sex): 男
2020/10/16 11:54:44
Changed(area): 向阳家园
2020/10/16 11:54:44
Changed(number): 七号楼一单元402
2020/10/16 11:54:44
Changed(fname): 房娜
2020/10/16 11:54:44
Changed(fphone): 15941192618
2020/10/16 11:54:44
Changed(mname): 丁顺华
2020/10/16 11:54:44
Changed(mohone): 13804082785
2020/10/16 11:54:45
Move
2020/10/16 11:54:45
Changed(name): 孙嘉蔚
2020/10/16 11:54:45
Changed(sex): 女
2020/10/16 11:54:45
Changed(street): 城关街道
2020/10/16 11:54:45
Changed(village): 财政委
2020/10/16 11:54:45
Changed(area): 景泰花园
2020/10/16 11:54:45
Changed(number): 12号楼3单元601
2020/10/16 11:54:45
Changed(fname): 孙征
2020/10/16 11:54:45
Changed(fphone): 13664239278
2020/10/16 11:54:45
Changed(mname): 杨晓娜
2020/10/16 11:54:45
Changed(mohone): 13795107872
2020/10/16 11:54:45
Changed(other): 无
2020/10/16 11:54:45
Move
2020/10/16 11:54:45
Changed(name): 刘怡辰
2020/10/16 11:54:45
Changed(street): 新华街道
2020/10/16 11:54:45
Changed(village): 前炮委
2020/10/16 11:54:45
Changed(area): 伟业城市绿洲
2020/10/16 11:54:45
Changed(number): 60号楼一单元201
2020/10/16 11:54:45
Changed(fname): 刘永辉
2020/10/16 11:54:45
Changed(fphone): 13591399995
2020/10/16 11:54:45
Changed(mname): 耿凤
2020/10/16 11:54:45
Changed(mohone): 18840954440
2020/10/16 11:54:45
Changed(other): 刘益彤（妹妹）
2020/10/16 11:54:46
Move
2020/10/16 11:54:46
Changed(name): 孙嘉蔚
2020/10/16 11:54:46
Changed(street): 城关街道
2020/10/16 11:54:46
Changed(village): 财政委
2020/10/16 11:54:46
Changed(area): 景泰花园
2020/10/16 11:54:46
Changed(number): 12号楼3单元601
2020/10/16 11:54:46
Changed(fname): 孙征
2020/10/16 11:54:46
Changed(fphone): 13664239278
2020/10/16 11:54:46
Changed(mname): 杨晓娜
2020/10/16 11:54:46
Changed(mohone): 13795107872
2020/10/16 11:54:46
Changed(other): 无
2020/10/16 11:54:47
Move
2020/10/16 11:54:47
Changed(name): 丁禹辰
2020/10/16 11:54:47
Changed(sex): 男
2020/10/16 11:54:47
Changed(street): 新华街道
2020/10/16 11:54:47
Changed(village): 前炮委
2020/10/16 11:54:47
Changed(area): 向阳家园
2020/10/16 11:54:47
Changed(number): 七号楼一单元402
2020/10/16 11:54:47
Changed(fname): 房娜
2020/10/16 11:54:47
Changed(fphone): 15941192618
2020/10/16 11:54:47
Changed(mname): 丁顺华
2020/10/16 11:54:47
Changed(mohone): 13804082785
2020/10/16 11:54:47
Changed(other): 
2020/10/16 11:54:47
Move
2020/10/16 11:54:47
Changed(name): 赵桓
2020/10/16 11:54:47
Changed(sex): 女
2020/10/16 11:54:47
Changed(area): 向阳小区
2020/10/16 11:54:47
Changed(number): 13号楼3单元502
2020/10/16 11:54:47
Changed(fname): 赵万里
2020/10/16 11:54:47
Changed(fphone): 18840860636
2020/10/16 11:54:47
Changed(mname): 王飞
2020/10/16 11:54:47
Changed(mohone): 15142302908
2020/10/16 11:54:47
Move
2020/10/16 11:54:47
Changed(name): 尚倩如
2020/10/16 11:54:47
Changed(street): 城关街道
2020/10/16 11:54:47
Changed(village): 工会委
2020/10/16 11:54:47
Changed(area): 美鑫家园
2020/10/16 11:54:47
Changed(number): 1号楼3单元501
2020/10/16 11:54:47
Changed(fname): 尚家祺
2020/10/16 11:54:47
Changed(fphone): 13940927795
2020/10/16 11:54:47
Changed(mname): 张春艳
2020/10/16 11:54:47
Changed(mohone): 13591738512
2020/10/16 11:54:47
Changed(other): 尚志本  爷孙关系
2020/10/16 11:54:47
Move
2020/10/16 11:54:47
Changed(name): 倪鹤玮
2020/10/16 11:54:47
Changed(street): 新华街道
2020/10/16 11:54:47
Changed(village): 前炮委
2020/10/16 11:54:47
Changed(area): 向阳家园
2020/10/16 11:54:47
Changed(number): 11号楼一单元502
2020/10/16 11:54:47
Changed(fname): 房华
2020/10/16 11:54:47
Changed(fphone): 15941192658
2020/10/16 11:54:47
Changed(mname): 倪长年
2020/10/16 11:54:47
Changed(mohone): 13119456336
2020/10/16 11:54:47
Changed(other): 
2020/10/16 11:54:47
Move
2020/10/16 11:54:47
Changed(name): 石伊方
2020/10/16 11:54:47
Changed(village): 长征委
2020/10/16 11:54:47
Changed(area): 木兰小区
2020/10/16 11:54:47
Changed(number): 24号楼5单元502
2020/10/16 11:54:47
Changed(fname): 杨娜
2020/10/16 11:54:47
Changed(fphone): 13478962507
2020/10/16 11:54:47
Changed(mname): 王全民
2020/10/16 11:54:47
Changed(mohone): 15142405951
2020/10/16 11:54:47
Changed(other): 无
2020/10/16 11:54:48
Move
2020/10/16 11:54:48
Changed(name): 于涵
2020/10/16 11:54:48
Changed(street): 城关街道
2020/10/16 11:54:48
Changed(village): 东方红委
2020/10/16 11:54:48
Changed(area): 东方红小区
2020/10/16 11:54:48
Changed(number): 4号楼4单元301
2020/10/16 11:54:48
Changed(fname): 于祥龙
2020/10/16 11:54:48
Changed(fphone): 13354093777
2020/10/16 11:54:48
Changed(mname): 王秀丽
2020/10/16 11:54:48
Changed(mohone): 13889427799
2020/10/16 11:54:48
Move
2020/10/16 11:54:48
Changed(name): 由政林
2020/10/16 11:54:48
Changed(sex): 男
2020/10/16 11:54:48
Changed(village): 景泰委
2020/10/16 11:54:48
Changed(area): 海云天二期
2020/10/16 11:54:48
Changed(number): 43号楼1单元302
2020/10/16 11:54:48
Changed(fname): 由振威
2020/10/16 11:54:48
Changed(fphone): 13998501133
2020/10/16 11:54:48
Changed(mname): 郑续坤
2020/10/16 11:54:48
Changed(mohone): 13998646222
2020/10/16 11:54:48
Changed(other): 
2020/10/16 11:54:48
Move
2020/10/16 11:54:48
Changed(name): 于知沅
2020/10/16 11:54:48
Changed(sex): 女
2020/10/16 11:54:48
Changed(village): 水仙委
2020/10/16 11:54:48
Changed(area): 水仙公馆二期
2020/10/16 11:54:48
Changed(number): 21号楼2单元602
2020/10/16 11:54:48
Changed(fname): 于相文
2020/10/16 11:54:48
Changed(fphone): 13504252733
2020/10/16 11:54:48
Changed(mname): 刘彩红
2020/10/16 11:54:48
Changed(mohone): 15842476828
2020/10/16 11:54:48
Changed(other): 无
2020/10/16 11:54:51
Move
2020/10/16 11:54:51
Changed(name): 由政林
2020/10/16 11:54:51
Changed(sex): 男
2020/10/16 11:54:51
Changed(village): 景泰委
2020/10/16 11:54:51
Changed(area): 海云天二期
2020/10/16 11:54:51
Changed(number): 43号楼1单元302
2020/10/16 11:54:51
Changed(fname): 由振威
2020/10/16 11:54:51
Changed(fphone): 13998501133
2020/10/16 11:54:51
Changed(mname): 郑续坤
2020/10/16 11:54:51
Changed(mohone): 13998646222
2020/10/16 11:54:51
Changed(other): 
2020/10/16 11:54:54
Move
2020/10/16 11:54:54
Changed(name): 刘懿锋
2020/10/16 11:54:54
Changed(class): 3.1
2020/10/16 11:54:54
Changed(village): 不详
2020/10/16 11:54:54
Changed(area): 15号楼一单402
2020/10/16 11:54:54
Changed(number): 一单元402
2020/10/16 11:54:54
Changed(fname): 刘振举
2020/10/16 11:54:54
Changed(fphone): 15942682018
2020/10/16 11:54:54
Changed(mname): 于宏
2020/10/16 11:54:54
Changed(mohone): 13591763168
2020/10/16 11:54:55
Move
2020/10/16 11:54:55
Move
2020/10/16 11:55:03
Move
2020/10/16 11:55:03
Changed(name): 向美霖
2020/10/16 11:55:03
Changed(sex): 女
2020/10/16 11:55:03
Changed(class): 1.4
2020/10/16 11:55:03
Changed(street): 新华街道
2020/10/16 11:55:03
Changed(village): 长征委
2020/10/16 11:55:03
Changed(area): 木兰小区
2020/10/16 11:55:03
Changed(number): 24号楼一单元201
2020/10/16 11:55:03
Changed(fname): 向世江
2020/10/16 11:55:03
Changed(fphone): 15898148885
2020/10/16 11:55:03
Changed(mname): 阳红英
2020/10/16 11:55:03
Changed(mohone): 17318283117
2020/10/16 11:55:18
Make
2020/10/16 11:55:34
Changed(mname): 阳红英 
2020/10/16 11:55:35
Changed(mname): 阳红英
2020/10/16 11:55:36
Move
2020/10/16 11:55:37         
Minimized
2020/10/16 11:56:00
Changed(name): 刘明轩
2020/10/16 11:56:00
Changed(sex): 男
2020/10/16 11:56:00
Changed(class): 1.3
2020/10/16 11:56:00
Changed(pro): 辽宁省
2020/10/16 11:56:00
Changed(city): 庄河市
2020/10/16 11:56:00
Changed(street): 新华街道
2020/10/16 11:56:00
Changed(village): 长征委
2020/10/16 11:56:00
Changed(area): 幸福之家
2020/10/16 11:56:00
Changed(number): 2号楼四单元201
2020/10/16 11:56:00
Changed(fname): 刘成群
2020/10/16 11:56:00
Changed(fphone): 15998519559
2020/10/16 11:56:00
Changed(mname): 张黎
2020/10/16 11:56:00
Changed(mohone): 13500721530
2020/10/16 11:56:00
Changed(other): 无
2020/10/16 11:56:00
End


三十一中学生信息管理系统  3.00.0059 Open 2020/11/7 16:38:10 Error:0
2020/11/7 16:38:13
Changed(name): 刘明轩
2020/11/7 16:38:13
Changed(sex): 男
2020/11/7 16:38:13
Changed(class): 1.3
2020/11/7 16:38:13
Changed(pro): 辽宁省
2020/11/7 16:38:13
Changed(city): 庄河市
2020/11/7 16:38:13
Changed(street): 新华街道
2020/11/7 16:38:13
Changed(village): 长征委
2020/11/7 16:38:13
Changed(area): 幸福之家
2020/11/7 16:38:13
Changed(number): 2号楼四单元201
2020/11/7 16:38:13
Changed(fname): 刘成群
2020/11/7 16:38:13
Changed(fphone): 15998519559
2020/11/7 16:38:13
Changed(mname): 张黎
2020/11/7 16:38:13
Changed(mohone): 13500721530
2020/11/7 16:38:13
Changed(other): 无
2020/11/7 16:38:20
Move
2020/11/7 16:38:20
Move
2020/11/7 16:38:20
Move
2020/11/7 16:38:20
Move
2020/11/7 16:38:20
Move
2020/11/7 16:38:20
Move
2020/11/7 16:38:20
Move
2020/11/7 16:38:20
Changed(name): 孙翊峰
2020/11/7 16:38:20
Changed(class): 3.8
2020/11/7 16:38:20
Changed(village): 前炮委
2020/11/7 16:38:20
Changed(area): 金宇园
2020/11/7 16:38:20
Changed(number): 2号楼8单元802
2020/11/7 16:38:20
Changed(fname): 孙忠生
2020/11/7 16:38:20
Changed(fphone): 13132029566
2020/11/7 16:38:20
Changed(mname): 王芳
2020/11/7 16:38:20
Changed(mohone): 13116024566
2020/11/7 16:38:20
Changed(other): 
2020/11/7 16:38:28
Move
2020/11/7 16:38:28
Move
2020/11/7 16:38:28
Move
2020/11/7 16:38:28
Move
2020/11/7 16:38:28
Move
2020/11/7 16:38:28
Move
2020/11/7 16:38:28
Move
2020/11/7 16:38:28
Move
2020/11/7 16:38:28
Move
2020/11/7 16:38:28
Move
2020/11/7 16:38:36
Move
2020/11/7 16:38:37          
Minimized
2020/11/7 16:39:25
Changed(name): 刘明轩
2020/11/7 16:39:25
Changed(sex): 男
2020/11/7 16:39:25
Changed(class): 1.3
2020/11/7 16:39:25
Changed(pro): 辽宁省
2020/11/7 16:39:25
Changed(city): 庄河市
2020/11/7 16:39:25
Changed(street): 新华街道
2020/11/7 16:39:25
Changed(village): 长征委
2020/11/7 16:39:25
Changed(area): 幸福之家
2020/11/7 16:39:25
Changed(number): 2号楼四单元201
2020/11/7 16:39:25
Changed(fname): 刘成群
2020/11/7 16:39:25
Changed(fphone): 15998519559
2020/11/7 16:39:25
Changed(mname): 张黎
2020/11/7 16:39:25
Changed(mohone): 13500721530
2020/11/7 16:39:25
Changed(other): 无
2020/11/7 16:39:57
Move
2020/11/7 16:39:57
Move
2020/11/7 16:39:57
Move
2020/11/7 16:39:57
Move
2020/11/7 16:39:57
Move
2020/11/7 16:39:57
Move
2020/11/7 16:39:57
Move
2020/11/7 16:39:57
Changed(name): 孙翊峰
2020/11/7 16:39:57
Changed(class): 3.8
2020/11/7 16:39:57
Changed(village): 前炮委
2020/11/7 16:39:57
Changed(area): 金宇园
2020/11/7 16:39:57
Changed(number): 2号楼8单元802
2020/11/7 16:39:57
Changed(fname): 孙忠生
2020/11/7 16:39:57
Changed(fphone): 13132029566
2020/11/7 16:39:57
Changed(mname): 王芳
2020/11/7 16:39:57
Changed(mohone): 13116024566
2020/11/7 16:39:57
Changed(other): 
2020/11/7 16:40:16
Move
2020/11/7 16:40:16
Changed(name): 金圣皓
2020/11/7 16:40:16
Changed(class): 1.4
2020/11/7 16:40:16
Changed(street): 城关街道
2020/11/7 16:40:16
Changed(village): 景泰委
2020/11/7 16:40:16
Changed(area): 海云天二期
2020/11/7 16:40:16
Changed(number): 35号楼一单元102
2020/11/7 16:40:16
Changed(fname): 金平
2020/11/7 16:40:16
Changed(fphone): 13009405557
2020/11/7 16:40:16
Changed(mname): 李继红
2020/11/7 16:40:16
Changed(mohone): 13019499929
2020/11/7 16:40:21
Find: 金
2020/11/7 16:40:21
Move
2020/11/7 16:40:21
Changed(name): 刘明轩
2020/11/7 16:40:21
Changed(class): 1.3
2020/11/7 16:40:21
Changed(street): 新华街道
2020/11/7 16:40:21
Changed(village): 长征委
2020/11/7 16:40:21
Changed(area): 幸福之家
2020/11/7 16:40:21
Changed(number): 2号楼四单元201
2020/11/7 16:40:21
Changed(fname): 刘成群
2020/11/7 16:40:21
Changed(fphone): 15998519559
2020/11/7 16:40:21
Changed(mname): 张黎
2020/11/7 16:40:21
Changed(mohone): 13500721530
2020/11/7 16:40:21
Changed(other): 无
2020/11/7 16:40:21
Move
2020/11/7 16:40:21
Move
2020/11/7 16:40:21
Move
2020/11/7 16:40:21
Move
2020/11/7 16:40:21
Move
2020/11/7 16:40:21
Move
2020/11/7 16:40:21
Move
2020/11/7 16:40:21
Move
2020/11/7 16:40:21
Move
2020/11/7 16:40:26
Find: 金
2020/11/7 16:40:26
Move
2020/11/7 16:40:26
Move
2020/11/7 16:40:26
Move
2020/11/7 16:40:26
Move
2020/11/7 16:40:26
Move
2020/11/7 16:40:26
Move
2020/11/7 16:40:26
Move
2020/11/7 16:40:26
Move
2020/11/7 16:40:26
Move
2020/11/7 16:40:26
Move
2020/11/7 16:40:28
Move
2020/11/7 16:40:29          
Minimized
2020/11/7 16:40:32
Changed(name): 刘明轩
2020/11/7 16:40:32
Changed(sex): 男
2020/11/7 16:40:32
Changed(class): 1.3
2020/11/7 16:40:32
Changed(pro): 辽宁省
2020/11/7 16:40:32
Changed(city): 庄河市
2020/11/7 16:40:32
Changed(street): 新华街道
2020/11/7 16:40:32
Changed(village): 长征委
2020/11/7 16:40:32
Changed(area): 幸福之家
2020/11/7 16:40:32
Changed(number): 2号楼四单元201
2020/11/7 16:40:32
Changed(fname): 刘成群
2020/11/7 16:40:32
Changed(fphone): 15998519559
2020/11/7 16:40:32
Changed(mname): 张黎
2020/11/7 16:40:32
Changed(mohone): 13500721530
2020/11/7 16:40:32
Changed(other): 无
2020/11/7 16:40:32
End
